Reusing configuration cache.
> Task :server:checkKotlinGradlePluginConfigurationErrors SKIPPED
> Task :server:processResources UP-TO-DATE
> Task :server:compileKotlin UP-TO-DATE
> Task :server:compileJava NO-SOURCE
> Task :server:classes UP-TO-DATE

> Task :server:run
2026-05-13 14:30:54.262 [main] INFO  io.ktor.server.Application - Autoreload is disabled because the development mode is off.
2026-05-13 14:30:54.535 [main] INFO  io.ktor.server.Application - Application started in 0.44 seconds.
2026-05-13 14:30:54.653 [DefaultDispatcher-worker-1] INFO  io.ktor.server.Application - Responding at http://0.0.0.0:8080
2026-05-13 14:31:08.024 [eventLoopGroupProxy-3-1] TRACE io.ktor.server.plugins.cors.CORS - GET /health: Start handler
2026-05-13 14:31:08.024 [eventLoopGroupProxy-3-1] TRACE io.ktor.server.plugins.cors.CORS - GET /health: Skip CORS handler because request lacks the Origin header
2026-05-13 14:31:08.029 [eventLoopGroupProxy-3-1] TRACE io.ktor.server.routing.Routing - Trace for [health]
/, segment:0 -> SUCCESS @ /
  / [<slash>], segment:0 -> SUCCESS @ / [<slash>]
    / [<slash>, (method:GET)], segment:0 -> FAILURE "Not all segments matched" @ / [<slash>, (method:GET)]
  /health, segment:1 -> SUCCESS @ /health
    /health [(method:GET)], segment:1 -> SUCCESS @ /health [(method:GET)]
  /openapi.json, segment:0 -> FAILURE "Selector didn't match" @ /openapi.json
  /auth, segment:0 -> FAILURE "Selector didn't match" @ /auth
  / [(authenticate auth-jwt)], segment:0 -> SUCCESS @ / [(authenticate auth-jwt)]
    /profile [(authenticate auth-jwt)], segment:0 -> FAILURE "Selector didn't match" @ /profile [(authenticate auth-jwt)]
    /plans [(authenticate auth-jwt)], segment:0 -> FAILURE "Selector didn't match" @ /plans [(authenticate auth-jwt)]
    /my-plan [(authenticate auth-jwt)], segment:0 -> FAILURE "Selector didn't match" @ /my-plan [(authenticate auth-jwt)]
    /workouts [(authenticate auth-jwt)], segment:0 -> FAILURE "Selector didn't match" @ /workouts [(authenticate auth-jwt)]
    /sessions [(authenticate auth-jwt)], segment:0 -> FAILURE "Selector didn't match" @ /sessions [(authenticate auth-jwt)]
    /history [(authenticate auth-jwt)], segment:0 -> FAILURE "Selector didn't match" @ /history [(authenticate auth-jwt)]
    /devices [(authenticate auth-jwt)], segment:0 -> FAILURE "Selector didn't match" @ /devices [(authenticate auth-jwt)]
Matched routes:
  "" -> "health" -> "(method:GET)"
Routing resolve result:
  SUCCESS @ /health [(method:GET)]
2026-05-13 14:31:08.056 [eventLoopGroupProxy-3-1] TRACE i.k.s.p.statuspages.StatusPages - No status code found for call: /health
2026-05-13 14:31:08.457 [eventLoopGroupProxy-3-1] INFO  io.ktor.server.Application - 200 OK: GET - /health in 436ms
2026-05-13 14:37:14.989 [eventLoopGroupProxy-3-2] TRACE io.ktor.server.plugins.cors.CORS - POST /auth/login: Start handler
2026-05-13 14:37:14.990 [eventLoopGroupProxy-3-2] TRACE io.ktor.server.plugins.cors.CORS - POST /auth/login: Skip CORS handler because request lacks the Origin header
2026-05-13 14:37:14.992 [eventLoopGroupProxy-3-2] TRACE io.ktor.server.routing.Routing - Trace for [auth, login]
/, segment:0 -> SUCCESS @ /
  / [<slash>], segment:0 -> SUCCESS @ / [<slash>]
    / [<slash>, (method:GET)], segment:0 -> FAILURE "Selector didn't match" @ / [<slash>, (method:GET)]
  /health, segment:0 -> FAILURE "Selector didn't match" @ /health
  /openapi.json, segment:0 -> FAILURE "Selector didn't match" @ /openapi.json
  /auth, segment:1 -> SUCCESS @ /auth
    /auth/register, segment:1 -> FAILURE "Selector didn't match" @ /auth/register
    /auth/login, segment:2 -> SUCCESS @ /auth/login
      /auth/login [(method:POST)], segment:2 -> SUCCESS @ /auth/login [(method:POST)]
    /auth/refresh, segment:1 -> FAILURE "Selector didn't match" @ /auth/refresh
    /auth [(authenticate auth-jwt)], segment:1 -> SUCCESS @ /auth [(authenticate auth-jwt)]
      /auth/me [(authenticate auth-jwt)], segment:1 -> FAILURE "Selector didn't match" @ /auth/me [(authenticate auth-jwt)]
  / [(authenticate auth-jwt)], segment:0 -> SUCCESS @ / [(authenticate auth-jwt)]
    /profile [(authenticate auth-jwt)], segment:0 -> FAILURE "Selector didn't match" @ /profile [(authenticate auth-jwt)]
    /plans [(authenticate auth-jwt)], segment:0 -> FAILURE "Selector didn't match" @ /plans [(authenticate auth-jwt)]
    /my-plan [(authenticate auth-jwt)], segment:0 -> FAILURE "Selector didn't match" @ /my-plan [(authenticate auth-jwt)]
    /workouts [(authenticate auth-jwt)], segment:0 -> FAILURE "Selector didn't match" @ /workouts [(authenticate auth-jwt)]
    /sessions [(authenticate auth-jwt)], segment:0 -> FAILURE "Selector didn't match" @ /sessions [(authenticate auth-jwt)]
    /history [(authenticate auth-jwt)], segment:0 -> FAILURE "Selector didn't match" @ /history [(authenticate auth-jwt)]
    /devices [(authenticate auth-jwt)], segment:0 -> FAILURE "Selector didn't match" @ /devices [(authenticate auth-jwt)]
Matched routes:
  "" -> "auth" -> "login" -> "(method:POST)"
Routing resolve result:
  SUCCESS @ /auth/login [(method:POST)]
2026-05-13 14:37:15.006 [eventLoopGroupProxy-3-2] TRACE i.k.server.engine.DefaultTransform - No Default Transformations found for class io.ktor.utils.io.ByteChannel and expected type TypeInfo(com.delminiusapps.rideforge.dto.LoginRequest) for call /auth/login
2026-05-13 14:37:15.084 [eventLoopGroupProxy-3-2] TRACE i.k.s.p.statuspages.StatusPages - No status code found for call: /auth/login
2026-05-13 14:37:15.086 [eventLoopGroupProxy-3-2] INFO  io.ktor.server.Application - 200 OK: POST - /auth/login in 98ms
2026-05-13 14:37:15.465 [eventLoopGroupProxy-3-2] TRACE io.ktor.server.plugins.cors.CORS - GET /profile: Start handler
2026-05-13 14:37:15.465 [eventLoopGroupProxy-3-2] TRACE io.ktor.server.plugins.cors.CORS - GET /profile: Skip CORS handler because request lacks the Origin header
2026-05-13 14:37:15.467 [eventLoopGroupProxy-3-2] TRACE io.ktor.server.routing.Routing - Trace for [profile]
/, segment:0 -> SUCCESS @ /
  / [<slash>], segment:0 -> SUCCESS @ / [<slash>]
    / [<slash>, (method:GET)], segment:0 -> FAILURE "Not all segments matched" @ / [<slash>, (method:GET)]
  /health, segment:0 -> FAILURE "Selector didn't match" @ /health
  /openapi.json, segment:0 -> FAILURE "Selector didn't match" @ /openapi.json
  /auth, segment:0 -> FAILURE "Selector didn't match" @ /auth
  / [(authenticate auth-jwt)], segment:0 -> SUCCESS @ / [(authenticate auth-jwt)]
    /profile [(authenticate auth-jwt)], segment:1 -> SUCCESS @ /profile [(authenticate auth-jwt)]
      /profile [(authenticate auth-jwt), (method:GET)], segment:1 -> SUCCESS @ /profile [(authenticate auth-jwt), (method:GET)]
      /profile [(authenticate auth-jwt), (method:PUT)], segment:1 -> FAILURE "Selector didn't match" @ /profile [(authenticate auth-jwt), (method:PUT)]
      /profile/ftp [(authenticate auth-jwt)], segment:1 -> FAILURE "Selector didn't match" @ /profile/ftp [(authenticate auth-jwt)]
      /profile/weight [(authenticate auth-jwt)], segment:1 -> FAILURE "Selector didn't match" @ /profile/weight [(authenticate auth-jwt)]
    /plans [(authenticate auth-jwt)], segment:0 -> FAILURE "Selector didn't match" @ /plans [(authenticate auth-jwt)]
    /my-plan [(authenticate auth-jwt)], segment:0 -> FAILURE "Selector didn't match" @ /my-plan [(authenticate auth-jwt)]
    /workouts [(authenticate auth-jwt)], segment:0 -> FAILURE "Selector didn't match" @ /workouts [(authenticate auth-jwt)]
    /sessions [(authenticate auth-jwt)], segment:0 -> FAILURE "Selector didn't match" @ /sessions [(authenticate auth-jwt)]
    /history [(authenticate auth-jwt)], segment:0 -> FAILURE "Selector didn't match" @ /history [(authenticate auth-jwt)]
    /devices [(authenticate auth-jwt)], segment:0 -> FAILURE "Selector didn't match" @ /devices [(authenticate auth-jwt)]
Matched routes:
  "" -> "(authenticate auth-jwt)" -> "profile" -> "(method:GET)"
Routing resolve result:
  SUCCESS @ /profile [(authenticate auth-jwt), (method:GET)]
2026-05-13 14:37:15.472 [eventLoopGroupProxy-3-2] TRACE io.ktor.server.auth.Authentication - Trying to authenticate /profile with auth-jwt
2026-05-13 14:37:15.493 [eventLoopGroupProxy-3-2] TRACE io.ktor.server.auth.Authentication - Authentication succeeded for /profile with provider io.ktor.server.auth.jwt.JWTAuthenticationProvider@367123e7
2026-05-13 14:37:15.497 [eventLoopGroupProxy-3-2] TRACE i.k.s.p.statuspages.StatusPages - No status code found for call: /profile
2026-05-13 14:37:15.498 [eventLoopGroupProxy-3-2] INFO  io.ktor.server.Application - 200 OK: GET - /profile in 34ms
2026-05-13 14:37:15.509 [eventLoopGroupProxy-3-2] TRACE io.ktor.server.plugins.cors.CORS - GET /workouts/recommended: Start handler
2026-05-13 14:37:15.509 [eventLoopGroupProxy-3-2] TRACE io.ktor.server.plugins.cors.CORS - GET /workouts/recommended: Skip CORS handler because request lacks the Origin header
2026-05-13 14:37:15.511 [eventLoopGroupProxy-3-2] TRACE io.ktor.server.routing.Routing - Trace for [workouts, recommended]
/, segment:0 -> SUCCESS @ /
  / [<slash>], segment:0 -> SUCCESS @ / [<slash>]
    / [<slash>, (method:GET)], segment:0 -> FAILURE "Not all segments matched" @ / [<slash>, (method:GET)]
  /health, segment:0 -> FAILURE "Selector didn't match" @ /health
  /openapi.json, segment:0 -> FAILURE "Selector didn't match" @ /openapi.json
  /auth, segment:0 -> FAILURE "Selector didn't match" @ /auth
  / [(authenticate auth-jwt)], segment:0 -> SUCCESS @ / [(authenticate auth-jwt)]
    /profile [(authenticate auth-jwt)], segment:0 -> FAILURE "Selector didn't match" @ /profile [(authenticate auth-jwt)]
    /plans [(authenticate auth-jwt)], segment:0 -> FAILURE "Selector didn't match" @ /plans [(authenticate auth-jwt)]
    /my-plan [(authenticate auth-jwt)], segment:0 -> FAILURE "Selector didn't match" @ /my-plan [(authenticate auth-jwt)]
    /workouts [(authenticate auth-jwt)], segment:1 -> SUCCESS @ /workouts [(authenticate auth-jwt)]
      /workouts [(authenticate auth-jwt), (method:GET)], segment:1 -> FAILURE "Not all segments matched" @ /workouts [(authenticate auth-jwt), (method:GET)]
      /workouts/recommended [(authenticate auth-jwt)], segment:2 -> SUCCESS @ /workouts/recommended [(authenticate auth-jwt)]
        /workouts/recommended [(authenticate auth-jwt), (method:GET)], segment:2 -> SUCCESS @ /workouts/recommended [(authenticate auth-jwt), (method:GET)]
      /workouts/{id} [(authenticate auth-jwt)], segment:1 -> FAILURE "Better match was already found" @ /workouts/{id} [(authenticate auth-jwt)]
    /sessions [(authenticate auth-jwt)], segment:0 -> FAILURE "Selector didn't match" @ /sessions [(authenticate auth-jwt)]
    /history [(authenticate auth-jwt)], segment:0 -> FAILURE "Selector didn't match" @ /history [(authenticate auth-jwt)]
    /devices [(authenticate auth-jwt)], segment:0 -> FAILURE "Selector didn't match" @ /devices [(authenticate auth-jwt)]
Matched routes:
  "" -> "(authenticate auth-jwt)" -> "workouts" -> "recommended" -> "(method:GET)"
Routing resolve result:
  SUCCESS @ /workouts/recommended [(authenticate auth-jwt), (method:GET)]
2026-05-13 14:37:15.511 [eventLoopGroupProxy-3-2] TRACE io.ktor.server.auth.Authentication - Trying to authenticate /workouts/recommended with auth-jwt
2026-05-13 14:37:15.512 [eventLoopGroupProxy-3-2] TRACE io.ktor.server.auth.Authentication - Authentication succeeded for /workouts/recommended with provider io.ktor.server.auth.jwt.JWTAuthenticationProvider@367123e7
2026-05-13 14:37:15.522 [eventLoopGroupProxy-3-2] TRACE i.k.s.p.statuspages.StatusPages - No status code found for call: /workouts/recommended
2026-05-13 14:37:15.522 [eventLoopGroupProxy-3-2] INFO  io.ktor.server.Application - 200 OK: GET - /workouts/recommended in 13ms
2026-05-13 14:37:15.531 [eventLoopGroupProxy-3-2] TRACE io.ktor.server.plugins.cors.CORS - GET /workouts/workout-vo2-max-intervals/intervals: Start handler
2026-05-13 14:37:15.531 [eventLoopGroupProxy-3-2] TRACE io.ktor.server.plugins.cors.CORS - GET /workouts/workout-vo2-max-intervals/intervals: Skip CORS handler because request lacks the Origin header
2026-05-13 14:37:15.533 [eventLoopGroupProxy-3-2] TRACE io.ktor.server.routing.Routing - Trace for [workouts, workout-vo2-max-intervals, intervals]
/, segment:0 -> SUCCESS @ /
  / [<slash>], segment:0 -> SUCCESS @ / [<slash>]
    / [<slash>, (method:GET)], segment:0 -> FAILURE "Not all segments matched" @ / [<slash>, (method:GET)]
  /health, segment:0 -> FAILURE "Selector didn't match" @ /health
  /openapi.json, segment:0 -> FAILURE "Selector didn't match" @ /openapi.json
  /auth, segment:0 -> FAILURE "Selector didn't match" @ /auth
  / [(authenticate auth-jwt)], segment:0 -> SUCCESS @ / [(authenticate auth-jwt)]
    /profile [(authenticate auth-jwt)], segment:0 -> FAILURE "Selector didn't match" @ /profile [(authenticate auth-jwt)]
    /plans [(authenticate auth-jwt)], segment:0 -> FAILURE "Selector didn't match" @ /plans [(authenticate auth-jwt)]
    /my-plan [(authenticate auth-jwt)], segment:0 -> FAILURE "Selector didn't match" @ /my-plan [(authenticate auth-jwt)]
    /workouts [(authenticate auth-jwt)], segment:1 -> SUCCESS @ /workouts [(authenticate auth-jwt)]
      /workouts [(authenticate auth-jwt), (method:GET)], segment:1 -> FAILURE "Not all segments matched" @ /workouts [(authenticate auth-jwt), (method:GET)]
      /workouts/recommended [(authenticate auth-jwt)], segment:1 -> FAILURE "Selector didn't match" @ /workouts/recommended [(authenticate auth-jwt)]
      /workouts/{id} [(authenticate auth-jwt)], segment:2 -> SUCCESS; Parameters [id=[workout-vo2-max-intervals]] @ /workouts/{id} [(authenticate auth-jwt)]
        /workouts/{id} [(authenticate auth-jwt), (method:GET)], segment:2 -> FAILURE "Not all segments matched" @ /workouts/{id} [(authenticate auth-jwt), (method:GET)]
        /workouts/{id}/intervals [(authenticate auth-jwt)], segment:3 -> SUCCESS @ /workouts/{id}/intervals [(authenticate auth-jwt)]
          /workouts/{id}/intervals [(authenticate auth-jwt), (method:GET)], segment:3 -> SUCCESS @ /workouts/{id}/intervals [(authenticate auth-jwt), (method:GET)]
    /sessions [(authenticate auth-jwt)], segment:0 -> FAILURE "Selector didn't match" @ /sessions [(authenticate auth-jwt)]
    /history [(authenticate auth-jwt)], segment:0 -> FAILURE "Selector didn't match" @ /history [(authenticate auth-jwt)]
    /devices [(authenticate auth-jwt)], segment:0 -> FAILURE "Selector didn't match" @ /devices [(authenticate auth-jwt)]
Matched routes:
  "" -> "(authenticate auth-jwt)" -> "workouts" -> "{id}" -> "intervals" -> "(method:GET)"
Routing resolve result:
  SUCCESS; Parameters [id=[workout-vo2-max-intervals]] @ /workouts/{id}/intervals [(authenticate auth-jwt), (method:GET)]
2026-05-13 14:37:15.534 [eventLoopGroupProxy-3-2] TRACE io.ktor.server.auth.Authentication - Trying to authenticate /workouts/workout-vo2-max-intervals/intervals with auth-jwt
2026-05-13 14:37:15.534 [eventLoopGroupProxy-3-2] TRACE io.ktor.server.auth.Authentication - Authentication succeeded for /workouts/workout-vo2-max-intervals/intervals with provider io.ktor.server.auth.jwt.JWTAuthenticationProvider@367123e7
2026-05-13 14:37:15.545 [eventLoopGroupProxy-3-2] TRACE i.k.s.p.statuspages.StatusPages - No status code found for call: /workouts/workout-vo2-max-intervals/intervals
2026-05-13 14:37:15.545 [eventLoopGroupProxy-3-2] INFO  io.ktor.server.Application - 200 OK: GET - /workouts/workout-vo2-max-intervals/intervals in 14ms
2026-05-13 14:37:15.560 [eventLoopGroupProxy-3-2] TRACE io.ktor.server.plugins.cors.CORS - GET /history?limit=5: Start handler
2026-05-13 14:37:15.560 [eventLoopGroupProxy-3-2] TRACE io.ktor.server.plugins.cors.CORS - GET /history?limit=5: Skip CORS handler because request lacks the Origin header
2026-05-13 14:37:15.561 [eventLoopGroupProxy-3-2] TRACE io.ktor.server.routing.Routing - Trace for [history]
/, segment:0 -> SUCCESS @ /
  / [<slash>], segment:0 -> SUCCESS @ / [<slash>]
    / [<slash>, (method:GET)], segment:0 -> FAILURE "Not all segments matched" @ / [<slash>, (method:GET)]
  /health, segment:0 -> FAILURE "Selector didn't match" @ /health
  /openapi.json, segment:0 -> FAILURE "Selector didn't match" @ /openapi.json
  /auth, segment:0 -> FAILURE "Selector didn't match" @ /auth
  / [(authenticate auth-jwt)], segment:0 -> SUCCESS @ / [(authenticate auth-jwt)]
    /profile [(authenticate auth-jwt)], segment:0 -> FAILURE "Selector didn't match" @ /profile [(authenticate auth-jwt)]
    /plans [(authenticate auth-jwt)], segment:0 -> FAILURE "Selector didn't match" @ /plans [(authenticate auth-jwt)]
    /my-plan [(authenticate auth-jwt)], segment:0 -> FAILURE "Selector didn't match" @ /my-plan [(authenticate auth-jwt)]
    /workouts [(authenticate auth-jwt)], segment:0 -> FAILURE "Selector didn't match" @ /workouts [(authenticate auth-jwt)]
    /sessions [(authenticate auth-jwt)], segment:0 -> FAILURE "Selector didn't match" @ /sessions [(authenticate auth-jwt)]
    /history [(authenticate auth-jwt)], segment:1 -> SUCCESS @ /history [(authenticate auth-jwt)]
      /history [(authenticate auth-jwt), (method:GET)], segment:1 -> SUCCESS @ /history [(authenticate auth-jwt), (method:GET)]
      /history/{id} [(authenticate auth-jwt)], segment:1 -> FAILURE "Selector didn't match" @ /history/{id} [(authenticate auth-jwt)]
    /devices [(authenticate auth-jwt)], segment:0 -> FAILURE "Selector didn't match" @ /devices [(authenticate auth-jwt)]
Matched routes:
  "" -> "(authenticate auth-jwt)" -> "history" -> "(method:GET)"
Routing resolve result:
  SUCCESS @ /history [(authenticate auth-jwt), (method:GET)]
2026-05-13 14:37:15.561 [eventLoopGroupProxy-3-2] TRACE io.ktor.server.auth.Authentication - Trying to authenticate /history?limit=5 with auth-jwt
2026-05-13 14:37:15.562 [eventLoopGroupProxy-3-2] TRACE io.ktor.server.auth.Authentication - Authentication succeeded for /history?limit=5 with provider io.ktor.server.auth.jwt.JWTAuthenticationProvider@367123e7
2026-05-13 14:37:15.570 [eventLoopGroupProxy-3-2] TRACE i.k.s.p.statuspages.StatusPages - No status code found for call: /history?limit=5
2026-05-13 14:37:15.571 [eventLoopGroupProxy-3-2] INFO  io.ktor.server.Application - 200 OK: GET - /history in 11ms
2026-05-13 14:37:18.835 [eventLoopGroupProxy-3-2] TRACE io.ktor.server.plugins.cors.CORS - GET /plans: Start handler
2026-05-13 14:37:18.835 [eventLoopGroupProxy-3-2] TRACE io.ktor.server.plugins.cors.CORS - GET /plans: Skip CORS handler because request lacks the Origin header
2026-05-13 14:37:18.836 [eventLoopGroupProxy-3-2] TRACE io.ktor.server.routing.Routing - Trace for [plans]
/, segment:0 -> SUCCESS @ /
  / [<slash>], segment:0 -> SUCCESS @ / [<slash>]
    / [<slash>, (method:GET)], segment:0 -> FAILURE "Not all segments matched" @ / [<slash>, (method:GET)]
  /health, segment:0 -> FAILURE "Selector didn't match" @ /health
  /openapi.json, segment:0 -> FAILURE "Selector didn't match" @ /openapi.json
  /auth, segment:0 -> FAILURE "Selector didn't match" @ /auth
  / [(authenticate auth-jwt)], segment:0 -> SUCCESS @ / [(authenticate auth-jwt)]
    /profile [(authenticate auth-jwt)], segment:0 -> FAILURE "Selector didn't match" @ /profile [(authenticate auth-jwt)]
    /plans [(authenticate auth-jwt)], segment:1 -> SUCCESS @ /plans [(authenticate auth-jwt)]
      /plans [(authenticate auth-jwt), (method:GET)], segment:1 -> SUCCESS @ /plans [(authenticate auth-jwt), (method:GET)]
      /plans/{id} [(authenticate auth-jwt)], segment:1 -> FAILURE "Selector didn't match" @ /plans/{id} [(authenticate auth-jwt)]
    /my-plan [(authenticate auth-jwt)], segment:0 -> FAILURE "Selector didn't match" @ /my-plan [(authenticate auth-jwt)]
    /workouts [(authenticate auth-jwt)], segment:0 -> FAILURE "Selector didn't match" @ /workouts [(authenticate auth-jwt)]
    /sessions [(authenticate auth-jwt)], segment:0 -> FAILURE "Selector didn't match" @ /sessions [(authenticate auth-jwt)]
    /history [(authenticate auth-jwt)], segment:0 -> FAILURE "Selector didn't match" @ /history [(authenticate auth-jwt)]
    /devices [(authenticate auth-jwt)], segment:0 -> FAILURE "Selector didn't match" @ /devices [(authenticate auth-jwt)]
Matched routes:
  "" -> "(authenticate auth-jwt)" -> "plans" -> "(method:GET)"
Routing resolve result:
  SUCCESS @ /plans [(authenticate auth-jwt), (method:GET)]
2026-05-13 14:37:18.836 [eventLoopGroupProxy-3-2] TRACE io.ktor.server.auth.Authentication - Trying to authenticate /plans with auth-jwt
2026-05-13 14:37:18.837 [eventLoopGroupProxy-3-2] TRACE io.ktor.server.auth.Authentication - Authentication succeeded for /plans with provider io.ktor.server.auth.jwt.JWTAuthenticationProvider@367123e7
2026-05-13 14:37:18.841 [eventLoopGroupProxy-3-2] TRACE i.k.s.p.statuspages.StatusPages - No status code found for call: /plans
2026-05-13 14:37:18.841 [eventLoopGroupProxy-3-2] INFO  io.ktor.server.Application - 200 OK: GET - /plans in 6ms
2026-05-13 14:37:20.744 [eventLoopGroupProxy-3-2] TRACE io.ktor.server.plugins.cors.CORS - GET /workouts/recommended: Start handler
2026-05-13 14:37:20.745 [eventLoopGroupProxy-3-2] TRACE io.ktor.server.plugins.cors.CORS - GET /workouts/recommended: Skip CORS handler because request lacks the Origin header
2026-05-13 14:37:20.745 [eventLoopGroupProxy-3-2] TRACE io.ktor.server.routing.Routing - Trace for [workouts, recommended]
/, segment:0 -> SUCCESS @ /
  / [<slash>], segment:0 -> SUCCESS @ / [<slash>]
    / [<slash>, (method:GET)], segment:0 -> FAILURE "Not all segments matched" @ / [<slash>, (method:GET)]
  /health, segment:0 -> FAILURE "Selector didn't match" @ /health
  /openapi.json, segment:0 -> FAILURE "Selector didn't match" @ /openapi.json
  /auth, segment:0 -> FAILURE "Selector didn't match" @ /auth
  / [(authenticate auth-jwt)], segment:0 -> SUCCESS @ / [(authenticate auth-jwt)]
    /profile [(authenticate auth-jwt)], segment:0 -> FAILURE "Selector didn't match" @ /profile [(authenticate auth-jwt)]
    /plans [(authenticate auth-jwt)], segment:0 -> FAILURE "Selector didn't match" @ /plans [(authenticate auth-jwt)]
    /my-plan [(authenticate auth-jwt)], segment:0 -> FAILURE "Selector didn't match" @ /my-plan [(authenticate auth-jwt)]
    /workouts [(authenticate auth-jwt)], segment:1 -> SUCCESS @ /workouts [(authenticate auth-jwt)]
      /workouts [(authenticate auth-jwt), (method:GET)], segment:1 -> FAILURE "Not all segments matched" @ /workouts [(authenticate auth-jwt), (method:GET)]
      /workouts/recommended [(authenticate auth-jwt)], segment:2 -> SUCCESS @ /workouts/recommended [(authenticate auth-jwt)]
        /workouts/recommended [(authenticate auth-jwt), (method:GET)], segment:2 -> SUCCESS @ /workouts/recommended [(authenticate auth-jwt), (method:GET)]
      /workouts/{id} [(authenticate auth-jwt)], segment:1 -> FAILURE "Better match was already found" @ /workouts/{id} [(authenticate auth-jwt)]
    /sessions [(authenticate auth-jwt)], segment:0 -> FAILURE "Selector didn't match" @ /sessions [(authenticate auth-jwt)]
    /history [(authenticate auth-jwt)], segment:0 -> FAILURE "Selector didn't match" @ /history [(authenticate auth-jwt)]
    /devices [(authenticate auth-jwt)], segment:0 -> FAILURE "Selector didn't match" @ /devices [(authenticate auth-jwt)]
Matched routes:
  "" -> "(authenticate auth-jwt)" -> "workouts" -> "recommended" -> "(method:GET)"
Routing resolve result:
  SUCCESS @ /workouts/recommended [(authenticate auth-jwt), (method:GET)]
2026-05-13 14:37:20.748 [eventLoopGroupProxy-3-2] TRACE io.ktor.server.auth.Authentication - Trying to authenticate /workouts/recommended with auth-jwt
2026-05-13 14:37:20.749 [eventLoopGroupProxy-3-2] TRACE io.ktor.server.auth.Authentication - Authentication succeeded for /workouts/recommended with provider io.ktor.server.auth.jwt.JWTAuthenticationProvider@367123e7
2026-05-13 14:37:20.749 [eventLoopGroupProxy-3-2] TRACE i.k.s.p.statuspages.StatusPages - No status code found for call: /workouts/recommended
2026-05-13 14:37:20.750 [eventLoopGroupProxy-3-2] INFO  io.ktor.server.Application - 200 OK: GET - /workouts/recommended in 6ms
2026-05-13 14:37:20.833 [eventLoopGroupProxy-3-2] TRACE io.ktor.server.plugins.cors.CORS - GET /workouts/workout-vo2-max-intervals/intervals: Start handler
2026-05-13 14:37:20.833 [eventLoopGroupProxy-3-2] TRACE io.ktor.server.plugins.cors.CORS - GET /workouts/workout-vo2-max-intervals/intervals: Skip CORS handler because request lacks the Origin header
2026-05-13 14:37:20.834 [eventLoopGroupProxy-3-2] TRACE io.ktor.server.routing.Routing - Trace for [workouts, workout-vo2-max-intervals, intervals]
/, segment:0 -> SUCCESS @ /
  / [<slash>], segment:0 -> SUCCESS @ / [<slash>]
    / [<slash>, (method:GET)], segment:0 -> FAILURE "Not all segments matched" @ / [<slash>, (method:GET)]
  /health, segment:0 -> FAILURE "Selector didn't match" @ /health
  /openapi.json, segment:0 -> FAILURE "Selector didn't match" @ /openapi.json
  /auth, segment:0 -> FAILURE "Selector didn't match" @ /auth
  / [(authenticate auth-jwt)], segment:0 -> SUCCESS @ / [(authenticate auth-jwt)]
    /profile [(authenticate auth-jwt)], segment:0 -> FAILURE "Selector didn't match" @ /profile [(authenticate auth-jwt)]
    /plans [(authenticate auth-jwt)], segment:0 -> FAILURE "Selector didn't match" @ /plans [(authenticate auth-jwt)]
    /my-plan [(authenticate auth-jwt)], segment:0 -> FAILURE "Selector didn't match" @ /my-plan [(authenticate auth-jwt)]
    /workouts [(authenticate auth-jwt)], segment:1 -> SUCCESS @ /workouts [(authenticate auth-jwt)]
      /workouts [(authenticate auth-jwt), (method:GET)], segment:1 -> FAILURE "Not all segments matched" @ /workouts [(authenticate auth-jwt), (method:GET)]
      /workouts/recommended [(authenticate auth-jwt)], segment:1 -> FAILURE "Selector didn't match" @ /workouts/recommended [(authenticate auth-jwt)]
      /workouts/{id} [(authenticate auth-jwt)], segment:2 -> SUCCESS; Parameters [id=[workout-vo2-max-intervals]] @ /workouts/{id} [(authenticate auth-jwt)]
        /workouts/{id} [(authenticate auth-jwt), (method:GET)], segment:2 -> FAILURE "Not all segments matched" @ /workouts/{id} [(authenticate auth-jwt), (method:GET)]
        /workouts/{id}/intervals [(authenticate auth-jwt)], segment:3 -> SUCCESS @ /workouts/{id}/intervals [(authenticate auth-jwt)]
          /workouts/{id}/intervals [(authenticate auth-jwt), (method:GET)], segment:3 -> SUCCESS @ /workouts/{id}/intervals [(authenticate auth-jwt), (method:GET)]
    /sessions [(authenticate auth-jwt)], segment:0 -> FAILURE "Selector didn't match" @ /sessions [(authenticate auth-jwt)]
    /history [(authenticate auth-jwt)], segment:0 -> FAILURE "Selector didn't match" @ /history [(authenticate auth-jwt)]
    /devices [(authenticate auth-jwt)], segment:0 -> FAILURE "Selector didn't match" @ /devices [(authenticate auth-jwt)]
Matched routes:
  "" -> "(authenticate auth-jwt)" -> "workouts" -> "{id}" -> "intervals" -> "(method:GET)"
Routing resolve result:
  SUCCESS; Parameters [id=[workout-vo2-max-intervals]] @ /workouts/{id}/intervals [(authenticate auth-jwt), (method:GET)]
2026-05-13 14:37:20.834 [eventLoopGroupProxy-3-2] TRACE io.ktor.server.auth.Authentication - Trying to authenticate /workouts/workout-vo2-max-intervals/intervals with auth-jwt
2026-05-13 14:37:20.835 [eventLoopGroupProxy-3-2] TRACE io.ktor.server.auth.Authentication - Authentication succeeded for /workouts/workout-vo2-max-intervals/intervals with provider io.ktor.server.auth.jwt.JWTAuthenticationProvider@367123e7
2026-05-13 14:37:20.839 [eventLoopGroupProxy-3-2] TRACE i.k.s.p.statuspages.StatusPages - No status code found for call: /workouts/workout-vo2-max-intervals/intervals
2026-05-13 14:37:20.839 [eventLoopGroupProxy-3-2] INFO  io.ktor.server.Application - 200 OK: GET - /workouts/workout-vo2-max-intervals/intervals in 7ms
2026-05-13 14:37:33.736 [eventLoopGroupProxy-3-2] TRACE io.ktor.server.plugins.cors.CORS - GET /profile: Start handler
2026-05-13 14:37:33.736 [eventLoopGroupProxy-3-2] TRACE io.ktor.server.plugins.cors.CORS - GET /profile: Skip CORS handler because request lacks the Origin header
2026-05-13 14:37:33.737 [eventLoopGroupProxy-3-2] TRACE io.ktor.server.routing.Routing - Trace for [profile]
/, segment:0 -> SUCCESS @ /
  / [<slash>], segment:0 -> SUCCESS @ / [<slash>]
    / [<slash>, (method:GET)], segment:0 -> FAILURE "Not all segments matched" @ / [<slash>, (method:GET)]
  /health, segment:0 -> FAILURE "Selector didn't match" @ /health
  /openapi.json, segment:0 -> FAILURE "Selector didn't match" @ /openapi.json
  /auth, segment:0 -> FAILURE "Selector didn't match" @ /auth
  / [(authenticate auth-jwt)], segment:0 -> SUCCESS @ / [(authenticate auth-jwt)]
    /profile [(authenticate auth-jwt)], segment:1 -> SUCCESS @ /profile [(authenticate auth-jwt)]
      /profile [(authenticate auth-jwt), (method:GET)], segment:1 -> SUCCESS @ /profile [(authenticate auth-jwt), (method:GET)]
      /profile [(authenticate auth-jwt), (method:PUT)], segment:1 -> FAILURE "Selector didn't match" @ /profile [(authenticate auth-jwt), (method:PUT)]
      /profile/ftp [(authenticate auth-jwt)], segment:1 -> FAILURE "Selector didn't match" @ /profile/ftp [(authenticate auth-jwt)]
      /profile/weight [(authenticate auth-jwt)], segment:1 -> FAILURE "Selector didn't match" @ /profile/weight [(authenticate auth-jwt)]
    /plans [(authenticate auth-jwt)], segment:0 -> FAILURE "Selector didn't match" @ /plans [(authenticate auth-jwt)]
    /my-plan [(authenticate auth-jwt)], segment:0 -> FAILURE "Selector didn't match" @ /my-plan [(authenticate auth-jwt)]
    /workouts [(authenticate auth-jwt)], segment:0 -> FAILURE "Selector didn't match" @ /workouts [(authenticate auth-jwt)]
    /sessions [(authenticate auth-jwt)], segment:0 -> FAILURE "Selector didn't match" @ /sessions [(authenticate auth-jwt)]
    /history [(authenticate auth-jwt)], segment:0 -> FAILURE "Selector didn't match" @ /history [(authenticate auth-jwt)]
    /devices [(authenticate auth-jwt)], segment:0 -> FAILURE "Selector didn't match" @ /devices [(authenticate auth-jwt)]
Matched routes:
  "" -> "(authenticate auth-jwt)" -> "profile" -> "(method:GET)"
Routing resolve result:
  SUCCESS @ /profile [(authenticate auth-jwt), (method:GET)]
2026-05-13 14:37:33.737 [eventLoopGroupProxy-3-2] TRACE io.ktor.server.auth.Authentication - Trying to authenticate /profile with auth-jwt
2026-05-13 14:37:33.738 [eventLoopGroupProxy-3-2] TRACE io.ktor.server.auth.Authentication - Authentication succeeded for /profile with provider io.ktor.server.auth.jwt.JWTAuthenticationProvider@367123e7
2026-05-13 14:37:33.740 [eventLoopGroupProxy-3-2] TRACE i.k.s.p.statuspages.StatusPages - No status code found for call: /profile
2026-05-13 14:37:33.740 [eventLoopGroupProxy-3-2] INFO  io.ktor.server.Application - 200 OK: GET - /profile in 4ms
2026-05-13 14:37:33.786 [eventLoopGroupProxy-3-2] TRACE io.ktor.server.plugins.cors.CORS - GET /workouts/recommended: Start handler
2026-05-13 14:37:33.786 [eventLoopGroupProxy-3-2] TRACE io.ktor.server.plugins.cors.CORS - GET /workouts/recommended: Skip CORS handler because request lacks the Origin header
2026-05-13 14:37:33.786 [eventLoopGroupProxy-3-2] TRACE io.ktor.server.routing.Routing - Trace for [workouts, recommended]
/, segment:0 -> SUCCESS @ /
  / [<slash>], segment:0 -> SUCCESS @ / [<slash>]
    / [<slash>, (method:GET)], segment:0 -> FAILURE "Not all segments matched" @ / [<slash>, (method:GET)]
  /health, segment:0 -> FAILURE "Selector didn't match" @ /health
  /openapi.json, segment:0 -> FAILURE "Selector didn't match" @ /openapi.json
  /auth, segment:0 -> FAILURE "Selector didn't match" @ /auth
  / [(authenticate auth-jwt)], segment:0 -> SUCCESS @ / [(authenticate auth-jwt)]
    /profile [(authenticate auth-jwt)], segment:0 -> FAILURE "Selector didn't match" @ /profile [(authenticate auth-jwt)]
    /plans [(authenticate auth-jwt)], segment:0 -> FAILURE "Selector didn't match" @ /plans [(authenticate auth-jwt)]
    /my-plan [(authenticate auth-jwt)], segment:0 -> FAILURE "Selector didn't match" @ /my-plan [(authenticate auth-jwt)]
    /workouts [(authenticate auth-jwt)], segment:1 -> SUCCESS @ /workouts [(authenticate auth-jwt)]
      /workouts [(authenticate auth-jwt), (method:GET)], segment:1 -> FAILURE "Not all segments matched" @ /workouts [(authenticate auth-jwt), (method:GET)]
      /workouts/recommended [(authenticate auth-jwt)], segment:2 -> SUCCESS @ /workouts/recommended [(authenticate auth-jwt)]
        /workouts/recommended [(authenticate auth-jwt), (method:GET)], segment:2 -> SUCCESS @ /workouts/recommended [(authenticate auth-jwt), (method:GET)]
      /workouts/{id} [(authenticate auth-jwt)], segment:1 -> FAILURE "Better match was already found" @ /workouts/{id} [(authenticate auth-jwt)]
    /sessions [(authenticate auth-jwt)], segment:0 -> FAILURE "Selector didn't match" @ /sessions [(authenticate auth-jwt)]
    /history [(authenticate auth-jwt)], segment:0 -> FAILURE "Selector didn't match" @ /history [(authenticate auth-jwt)]
    /devices [(authenticate auth-jwt)], segment:0 -> FAILURE "Selector didn't match" @ /devices [(authenticate auth-jwt)]
Matched routes:
  "" -> "(authenticate auth-jwt)" -> "workouts" -> "recommended" -> "(method:GET)"
Routing resolve result:
  SUCCESS @ /workouts/recommended [(authenticate auth-jwt), (method:GET)]
2026-05-13 14:37:33.787 [eventLoopGroupProxy-3-2] TRACE io.ktor.server.auth.Authentication - Trying to authenticate /workouts/recommended with auth-jwt
2026-05-13 14:37:33.788 [eventLoopGroupProxy-3-2] TRACE io.ktor.server.auth.Authentication - Authentication succeeded for /workouts/recommended with provider io.ktor.server.auth.jwt.JWTAuthenticationProvider@367123e7
2026-05-13 14:37:33.788 [eventLoopGroupProxy-3-2] TRACE i.k.s.p.statuspages.StatusPages - No status code found for call: /workouts/recommended
2026-05-13 14:37:33.789 [eventLoopGroupProxy-3-2] INFO  io.ktor.server.Application - 200 OK: GET - /workouts/recommended in 3ms
2026-05-13 14:37:33.828 [eventLoopGroupProxy-3-2] TRACE io.ktor.server.plugins.cors.CORS - GET /workouts/workout-vo2-max-intervals/intervals: Start handler
2026-05-13 14:37:33.828 [eventLoopGroupProxy-3-2] TRACE io.ktor.server.plugins.cors.CORS - GET /workouts/workout-vo2-max-intervals/intervals: Skip CORS handler because request lacks the Origin header
2026-05-13 14:37:33.829 [eventLoopGroupProxy-3-2] TRACE io.ktor.server.routing.Routing - Trace for [workouts, workout-vo2-max-intervals, intervals]
/, segment:0 -> SUCCESS @ /
  / [<slash>], segment:0 -> SUCCESS @ / [<slash>]
    / [<slash>, (method:GET)], segment:0 -> FAILURE "Not all segments matched" @ / [<slash>, (method:GET)]
  /health, segment:0 -> FAILURE "Selector didn't match" @ /health
  /openapi.json, segment:0 -> FAILURE "Selector didn't match" @ /openapi.json
  /auth, segment:0 -> FAILURE "Selector didn't match" @ /auth
  / [(authenticate auth-jwt)], segment:0 -> SUCCESS @ / [(authenticate auth-jwt)]
    /profile [(authenticate auth-jwt)], segment:0 -> FAILURE "Selector didn't match" @ /profile [(authenticate auth-jwt)]
    /plans [(authenticate auth-jwt)], segment:0 -> FAILURE "Selector didn't match" @ /plans [(authenticate auth-jwt)]
    /my-plan [(authenticate auth-jwt)], segment:0 -> FAILURE "Selector didn't match" @ /my-plan [(authenticate auth-jwt)]
    /workouts [(authenticate auth-jwt)], segment:1 -> SUCCESS @ /workouts [(authenticate auth-jwt)]
      /workouts [(authenticate auth-jwt), (method:GET)], segment:1 -> FAILURE "Not all segments matched" @ /workouts [(authenticate auth-jwt), (method:GET)]
      /workouts/recommended [(authenticate auth-jwt)], segment:1 -> FAILURE "Selector didn't match" @ /workouts/recommended [(authenticate auth-jwt)]
      /workouts/{id} [(authenticate auth-jwt)], segment:2 -> SUCCESS; Parameters [id=[workout-vo2-max-intervals]] @ /workouts/{id} [(authenticate auth-jwt)]
        /workouts/{id} [(authenticate auth-jwt), (method:GET)], segment:2 -> FAILURE "Not all segments matched" @ /workouts/{id} [(authenticate auth-jwt), (method:GET)]
        /workouts/{id}/intervals [(authenticate auth-jwt)], segment:3 -> SUCCESS @ /workouts/{id}/intervals [(authenticate auth-jwt)]
          /workouts/{id}/intervals [(authenticate auth-jwt), (method:GET)], segment:3 -> SUCCESS @ /workouts/{id}/intervals [(authenticate auth-jwt), (method:GET)]
    /sessions [(authenticate auth-jwt)], segment:0 -> FAILURE "Selector didn't match" @ /sessions [(authenticate auth-jwt)]
    /history [(authenticate auth-jwt)], segment:0 -> FAILURE "Selector didn't match" @ /history [(authenticate auth-jwt)]
    /devices [(authenticate auth-jwt)], segment:0 -> FAILURE "Selector didn't match" @ /devices [(authenticate auth-jwt)]
Matched routes:
  "" -> "(authenticate auth-jwt)" -> "workouts" -> "{id}" -> "intervals" -> "(method:GET)"
Routing resolve result:
  SUCCESS; Parameters [id=[workout-vo2-max-intervals]] @ /workouts/{id}/intervals [(authenticate auth-jwt), (method:GET)]
2026-05-13 14:37:33.829 [eventLoopGroupProxy-3-2] TRACE io.ktor.server.auth.Authentication - Trying to authenticate /workouts/workout-vo2-max-intervals/intervals with auth-jwt
2026-05-13 14:37:33.830 [eventLoopGroupProxy-3-2] TRACE io.ktor.server.auth.Authentication - Authentication succeeded for /workouts/workout-vo2-max-intervals/intervals with provider io.ktor.server.auth.jwt.JWTAuthenticationProvider@367123e7
2026-05-13 14:37:33.831 [eventLoopGroupProxy-3-2] TRACE i.k.s.p.statuspages.StatusPages - No status code found for call: /workouts/workout-vo2-max-intervals/intervals
2026-05-13 14:37:33.832 [eventLoopGroupProxy-3-2] INFO  io.ktor.server.Application - 200 OK: GET - /workouts/workout-vo2-max-intervals/intervals in 4ms
2026-05-13 14:37:33.842 [eventLoopGroupProxy-3-2] TRACE io.ktor.server.plugins.cors.CORS - GET /history?limit=5: Start handler
2026-05-13 14:37:33.842 [eventLoopGroupProxy-3-2] TRACE io.ktor.server.plugins.cors.CORS - GET /history?limit=5: Skip CORS handler because request lacks the Origin header
2026-05-13 14:37:33.842 [eventLoopGroupProxy-3-2] TRACE io.ktor.server.routing.Routing - Trace for [history]
/, segment:0 -> SUCCESS @ /
  / [<slash>], segment:0 -> SUCCESS @ / [<slash>]
    / [<slash>, (method:GET)], segment:0 -> FAILURE "Not all segments matched" @ / [<slash>, (method:GET)]
  /health, segment:0 -> FAILURE "Selector didn't match" @ /health
  /openapi.json, segment:0 -> FAILURE "Selector didn't match" @ /openapi.json
  /auth, segment:0 -> FAILURE "Selector didn't match" @ /auth
  / [(authenticate auth-jwt)], segment:0 -> SUCCESS @ / [(authenticate auth-jwt)]
    /profile [(authenticate auth-jwt)], segment:0 -> FAILURE "Selector didn't match" @ /profile [(authenticate auth-jwt)]
    /plans [(authenticate auth-jwt)], segment:0 -> FAILURE "Selector didn't match" @ /plans [(authenticate auth-jwt)]
    /my-plan [(authenticate auth-jwt)], segment:0 -> FAILURE "Selector didn't match" @ /my-plan [(authenticate auth-jwt)]
    /workouts [(authenticate auth-jwt)], segment:0 -> FAILURE "Selector didn't match" @ /workouts [(authenticate auth-jwt)]
    /sessions [(authenticate auth-jwt)], segment:0 -> FAILURE "Selector didn't match" @ /sessions [(authenticate auth-jwt)]
    /history [(authenticate auth-jwt)], segment:1 -> SUCCESS @ /history [(authenticate auth-jwt)]
      /history [(authenticate auth-jwt), (method:GET)], segment:1 -> SUCCESS @ /history [(authenticate auth-jwt), (method:GET)]
      /history/{id} [(authenticate auth-jwt)], segment:1 -> FAILURE "Selector didn't match" @ /history/{id} [(authenticate auth-jwt)]
    /devices [(authenticate auth-jwt)], segment:0 -> FAILURE "Selector didn't match" @ /devices [(authenticate auth-jwt)]
Matched routes:
  "" -> "(authenticate auth-jwt)" -> "history" -> "(method:GET)"
Routing resolve result:
  SUCCESS @ /history [(authenticate auth-jwt), (method:GET)]
2026-05-13 14:37:33.843 [eventLoopGroupProxy-3-2] TRACE io.ktor.server.auth.Authentication - Trying to authenticate /history?limit=5 with auth-jwt
2026-05-13 14:37:33.843 [eventLoopGroupProxy-3-2] TRACE io.ktor.server.auth.Authentication - Authentication succeeded for /history?limit=5 with provider io.ktor.server.auth.jwt.JWTAuthenticationProvider@367123e7
2026-05-13 14:37:33.844 [eventLoopGroupProxy-3-2] TRACE i.k.s.p.statuspages.StatusPages - No status code found for call: /history?limit=5
2026-05-13 14:37:33.844 [eventLoopGroupProxy-3-2] INFO  io.ktor.server.Application - 200 OK: GET - /history in 2ms
2026-05-13 14:37:43.006 [eventLoopGroupProxy-3-2] TRACE io.ktor.server.plugins.cors.CORS - GET /workouts/recommended: Start handler
2026-05-13 14:37:43.007 [eventLoopGroupProxy-3-2] TRACE io.ktor.server.plugins.cors.CORS - GET /workouts/recommended: Skip CORS handler because request lacks the Origin header
2026-05-13 14:37:43.007 [eventLoopGroupProxy-3-2] TRACE io.ktor.server.routing.Routing - Trace for [workouts, recommended]
/, segment:0 -> SUCCESS @ /
  / [<slash>], segment:0 -> SUCCESS @ / [<slash>]
    / [<slash>, (method:GET)], segment:0 -> FAILURE "Not all segments matched" @ / [<slash>, (method:GET)]
  /health, segment:0 -> FAILURE "Selector didn't match" @ /health
  /openapi.json, segment:0 -> FAILURE "Selector didn't match" @ /openapi.json
  /auth, segment:0 -> FAILURE "Selector didn't match" @ /auth
  / [(authenticate auth-jwt)], segment:0 -> SUCCESS @ / [(authenticate auth-jwt)]
    /profile [(authenticate auth-jwt)], segment:0 -> FAILURE "Selector didn't match" @ /profile [(authenticate auth-jwt)]
    /plans [(authenticate auth-jwt)], segment:0 -> FAILURE "Selector didn't match" @ /plans [(authenticate auth-jwt)]
    /my-plan [(authenticate auth-jwt)], segment:0 -> FAILURE "Selector didn't match" @ /my-plan [(authenticate auth-jwt)]
    /workouts [(authenticate auth-jwt)], segment:1 -> SUCCESS @ /workouts [(authenticate auth-jwt)]
      /workouts [(authenticate auth-jwt), (method:GET)], segment:1 -> FAILURE "Not all segments matched" @ /workouts [(authenticate auth-jwt), (method:GET)]
      /workouts/recommended [(authenticate auth-jwt)], segment:2 -> SUCCESS @ /workouts/recommended [(authenticate auth-jwt)]
        /workouts/recommended [(authenticate auth-jwt), (method:GET)], segment:2 -> SUCCESS @ /workouts/recommended [(authenticate auth-jwt), (method:GET)]
      /workouts/{id} [(authenticate auth-jwt)], segment:1 -> FAILURE "Better match was already found" @ /workouts/{id} [(authenticate auth-jwt)]
    /sessions [(authenticate auth-jwt)], segment:0 -> FAILURE "Selector didn't match" @ /sessions [(authenticate auth-jwt)]
    /history [(authenticate auth-jwt)], segment:0 -> FAILURE "Selector didn't match" @ /history [(authenticate auth-jwt)]
    /devices [(authenticate auth-jwt)], segment:0 -> FAILURE "Selector didn't match" @ /devices [(authenticate auth-jwt)]
Matched routes:
  "" -> "(authenticate auth-jwt)" -> "workouts" -> "recommended" -> "(method:GET)"
Routing resolve result:
  SUCCESS @ /workouts/recommended [(authenticate auth-jwt), (method:GET)]
2026-05-13 14:37:43.008 [eventLoopGroupProxy-3-2] TRACE io.ktor.server.auth.Authentication - Trying to authenticate /workouts/recommended with auth-jwt
2026-05-13 14:37:43.009 [eventLoopGroupProxy-3-2] TRACE io.ktor.server.auth.Authentication - Authentication succeeded for /workouts/recommended with provider io.ktor.server.auth.jwt.JWTAuthenticationProvider@367123e7
2026-05-13 14:37:43.010 [eventLoopGroupProxy-3-2] TRACE i.k.s.p.statuspages.StatusPages - No status code found for call: /workouts/recommended
2026-05-13 14:37:43.014 [eventLoopGroupProxy-3-2] INFO  io.ktor.server.Application - 200 OK: GET - /workouts/recommended in 8ms
2026-05-13 14:37:43.025 [eventLoopGroupProxy-3-2] TRACE io.ktor.server.plugins.cors.CORS - GET /workouts/workout-vo2-max-intervals/intervals: Start handler
2026-05-13 14:37:43.025 [eventLoopGroupProxy-3-2] TRACE io.ktor.server.plugins.cors.CORS - GET /workouts/workout-vo2-max-intervals/intervals: Skip CORS handler because request lacks the Origin header
2026-05-13 14:37:43.025 [eventLoopGroupProxy-3-2] TRACE io.ktor.server.routing.Routing - Trace for [workouts, workout-vo2-max-intervals, intervals]
/, segment:0 -> SUCCESS @ /
  / [<slash>], segment:0 -> SUCCESS @ / [<slash>]
    / [<slash>, (method:GET)], segment:0 -> FAILURE "Not all segments matched" @ / [<slash>, (method:GET)]
  /health, segment:0 -> FAILURE "Selector didn't match" @ /health
  /openapi.json, segment:0 -> FAILURE "Selector didn't match" @ /openapi.json
  /auth, segment:0 -> FAILURE "Selector didn't match" @ /auth
  / [(authenticate auth-jwt)], segment:0 -> SUCCESS @ / [(authenticate auth-jwt)]
    /profile [(authenticate auth-jwt)], segment:0 -> FAILURE "Selector didn't match" @ /profile [(authenticate auth-jwt)]
    /plans [(authenticate auth-jwt)], segment:0 -> FAILURE "Selector didn't match" @ /plans [(authenticate auth-jwt)]
    /my-plan [(authenticate auth-jwt)], segment:0 -> FAILURE "Selector didn't match" @ /my-plan [(authenticate auth-jwt)]
    /workouts [(authenticate auth-jwt)], segment:1 -> SUCCESS @ /workouts [(authenticate auth-jwt)]
      /workouts [(authenticate auth-jwt), (method:GET)], segment:1 -> FAILURE "Not all segments matched" @ /workouts [(authenticate auth-jwt), (method:GET)]
      /workouts/recommended [(authenticate auth-jwt)], segment:1 -> FAILURE "Selector didn't match" @ /workouts/recommended [(authenticate auth-jwt)]
      /workouts/{id} [(authenticate auth-jwt)], segment:2 -> SUCCESS; Parameters [id=[workout-vo2-max-intervals]] @ /workouts/{id} [(authenticate auth-jwt)]
        /workouts/{id} [(authenticate auth-jwt), (method:GET)], segment:2 -> FAILURE "Not all segments matched" @ /workouts/{id} [(authenticate auth-jwt), (method:GET)]
        /workouts/{id}/intervals [(authenticate auth-jwt)], segment:3 -> SUCCESS @ /workouts/{id}/intervals [(authenticate auth-jwt)]
          /workouts/{id}/intervals [(authenticate auth-jwt), (method:GET)], segment:3 -> SUCCESS @ /workouts/{id}/intervals [(authenticate auth-jwt), (method:GET)]
    /sessions [(authenticate auth-jwt)], segment:0 -> FAILURE "Selector didn't match" @ /sessions [(authenticate auth-jwt)]
    /history [(authenticate auth-jwt)], segment:0 -> FAILURE "Selector didn't match" @ /history [(authenticate auth-jwt)]
    /devices [(authenticate auth-jwt)], segment:0 -> FAILURE "Selector didn't match" @ /devices [(authenticate auth-jwt)]
Matched routes:
  "" -> "(authenticate auth-jwt)" -> "workouts" -> "{id}" -> "intervals" -> "(method:GET)"
Routing resolve result:
  SUCCESS; Parameters [id=[workout-vo2-max-intervals]] @ /workouts/{id}/intervals [(authenticate auth-jwt), (method:GET)]
2026-05-13 14:37:43.025 [eventLoopGroupProxy-3-2] TRACE io.ktor.server.auth.Authentication - Trying to authenticate /workouts/workout-vo2-max-intervals/intervals with auth-jwt
2026-05-13 14:37:43.026 [eventLoopGroupProxy-3-2] TRACE io.ktor.server.auth.Authentication - Authentication succeeded for /workouts/workout-vo2-max-intervals/intervals with provider io.ktor.server.auth.jwt.JWTAuthenticationProvider@367123e7
2026-05-13 14:37:43.026 [eventLoopGroupProxy-3-2] TRACE i.k.s.p.statuspages.StatusPages - No status code found for call: /workouts/workout-vo2-max-intervals/intervals
2026-05-13 14:37:43.026 [eventLoopGroupProxy-3-2] INFO  io.ktor.server.Application - 200 OK: GET - /workouts/workout-vo2-max-intervals/intervals in 1ms
2026-05-13 14:41:07.198 [eventLoopGroupProxy-3-2] TRACE io.ktor.server.plugins.cors.CORS - GET /history: Start handler
2026-05-13 14:41:07.199 [eventLoopGroupProxy-3-2] TRACE io.ktor.server.plugins.cors.CORS - GET /history: Skip CORS handler because request lacks the Origin header
2026-05-13 14:41:07.200 [eventLoopGroupProxy-3-2] TRACE io.ktor.server.routing.Routing - Trace for [history]
/, segment:0 -> SUCCESS @ /
  / [<slash>], segment:0 -> SUCCESS @ / [<slash>]
    / [<slash>, (method:GET)], segment:0 -> FAILURE "Not all segments matched" @ / [<slash>, (method:GET)]
  /health, segment:0 -> FAILURE "Selector didn't match" @ /health
  /openapi.json, segment:0 -> FAILURE "Selector didn't match" @ /openapi.json
  /auth, segment:0 -> FAILURE "Selector didn't match" @ /auth
  / [(authenticate auth-jwt)], segment:0 -> SUCCESS @ / [(authenticate auth-jwt)]
    /profile [(authenticate auth-jwt)], segment:0 -> FAILURE "Selector didn't match" @ /profile [(authenticate auth-jwt)]
    /plans [(authenticate auth-jwt)], segment:0 -> FAILURE "Selector didn't match" @ /plans [(authenticate auth-jwt)]
    /my-plan [(authenticate auth-jwt)], segment:0 -> FAILURE "Selector didn't match" @ /my-plan [(authenticate auth-jwt)]
    /workouts [(authenticate auth-jwt)], segment:0 -> FAILURE "Selector didn't match" @ /workouts [(authenticate auth-jwt)]
    /sessions [(authenticate auth-jwt)], segment:0 -> FAILURE "Selector didn't match" @ /sessions [(authenticate auth-jwt)]
    /history [(authenticate auth-jwt)], segment:1 -> SUCCESS @ /history [(authenticate auth-jwt)]
      /history [(authenticate auth-jwt), (method:GET)], segment:1 -> SUCCESS @ /history [(authenticate auth-jwt), (method:GET)]
      /history/{id} [(authenticate auth-jwt)], segment:1 -> FAILURE "Selector didn't match" @ /history/{id} [(authenticate auth-jwt)]
    /devices [(authenticate auth-jwt)], segment:0 -> FAILURE "Selector didn't match" @ /devices [(authenticate auth-jwt)]
Matched routes:
  "" -> "(authenticate auth-jwt)" -> "history" -> "(method:GET)"
Routing resolve result:
  SUCCESS @ /history [(authenticate auth-jwt), (method:GET)]
2026-05-13 14:41:07.200 [eventLoopGroupProxy-3-2] TRACE io.ktor.server.auth.Authentication - Trying to authenticate /history with auth-jwt
2026-05-13 14:41:07.202 [eventLoopGroupProxy-3-2] TRACE io.ktor.server.auth.Authentication - Authentication succeeded for /history with provider io.ktor.server.auth.jwt.JWTAuthenticationProvider@367123e7
2026-05-13 14:41:07.204 [eventLoopGroupProxy-3-2] TRACE i.k.s.p.statuspages.StatusPages - No status code found for call: /history
2026-05-13 14:41:07.205 [eventLoopGroupProxy-3-2] INFO  io.ktor.server.Application - 200 OK: GET - /history in 7ms
2026-05-13 14:41:07.260 [eventLoopGroupProxy-3-2] TRACE io.ktor.server.plugins.cors.CORS - GET /workouts/workout-vo2-max-intervals: Start handler
2026-05-13 14:41:07.260 [eventLoopGroupProxy-3-2] TRACE io.ktor.server.plugins.cors.CORS - GET /workouts/workout-vo2-max-intervals: Skip CORS handler because request lacks the Origin header
2026-05-13 14:41:07.261 [eventLoopGroupProxy-3-2] TRACE io.ktor.server.routing.Routing - Trace for [workouts, workout-vo2-max-intervals]
/, segment:0 -> SUCCESS @ /
  / [<slash>], segment:0 -> SUCCESS @ / [<slash>]
    / [<slash>, (method:GET)], segment:0 -> FAILURE "Not all segments matched" @ / [<slash>, (method:GET)]
  /health, segment:0 -> FAILURE "Selector didn't match" @ /health
  /openapi.json, segment:0 -> FAILURE "Selector didn't match" @ /openapi.json
  /auth, segment:0 -> FAILURE "Selector didn't match" @ /auth
  / [(authenticate auth-jwt)], segment:0 -> SUCCESS @ / [(authenticate auth-jwt)]
    /profile [(authenticate auth-jwt)], segment:0 -> FAILURE "Selector didn't match" @ /profile [(authenticate auth-jwt)]
    /plans [(authenticate auth-jwt)], segment:0 -> FAILURE "Selector didn't match" @ /plans [(authenticate auth-jwt)]
    /my-plan [(authenticate auth-jwt)], segment:0 -> FAILURE "Selector didn't match" @ /my-plan [(authenticate auth-jwt)]
    /workouts [(authenticate auth-jwt)], segment:1 -> SUCCESS @ /workouts [(authenticate auth-jwt)]
      /workouts [(authenticate auth-jwt), (method:GET)], segment:1 -> FAILURE "Not all segments matched" @ /workouts [(authenticate auth-jwt), (method:GET)]
      /workouts/recommended [(authenticate auth-jwt)], segment:1 -> FAILURE "Selector didn't match" @ /workouts/recommended [(authenticate auth-jwt)]
      /workouts/{id} [(authenticate auth-jwt)], segment:2 -> SUCCESS; Parameters [id=[workout-vo2-max-intervals]] @ /workouts/{id} [(authenticate auth-jwt)]
        /workouts/{id} [(authenticate auth-jwt), (method:GET)], segment:2 -> SUCCESS @ /workouts/{id} [(authenticate auth-jwt), (method:GET)]
        /workouts/{id}/intervals [(authenticate auth-jwt)], segment:2 -> FAILURE "Selector didn't match" @ /workouts/{id}/intervals [(authenticate auth-jwt)]
    /sessions [(authenticate auth-jwt)], segment:0 -> FAILURE "Selector didn't match" @ /sessions [(authenticate auth-jwt)]
    /history [(authenticate auth-jwt)], segment:0 -> FAILURE "Selector didn't match" @ /history [(authenticate auth-jwt)]
    /devices [(authenticate auth-jwt)], segment:0 -> FAILURE "Selector didn't match" @ /devices [(authenticate auth-jwt)]
Matched routes:
  "" -> "(authenticate auth-jwt)" -> "workouts" -> "{id}" -> "(method:GET)"
Routing resolve result:
  SUCCESS; Parameters [id=[workout-vo2-max-intervals]] @ /workouts/{id} [(authenticate auth-jwt), (method:GET)]
2026-05-13 14:41:07.261 [eventLoopGroupProxy-3-2] TRACE io.ktor.server.auth.Authentication - Trying to authenticate /workouts/workout-vo2-max-intervals with auth-jwt
2026-05-13 14:41:07.261 [eventLoopGroupProxy-3-2] TRACE io.ktor.server.auth.Authentication - Authentication succeeded for /workouts/workout-vo2-max-intervals with provider io.ktor.server.auth.jwt.JWTAuthenticationProvider@367123e7
2026-05-13 14:41:07.262 [eventLoopGroupProxy-3-2] TRACE i.k.s.p.statuspages.StatusPages - No status code found for call: /workouts/workout-vo2-max-intervals
2026-05-13 14:41:07.263 [eventLoopGroupProxy-3-2] INFO  io.ktor.server.Application - 200 OK: GET - /workouts/workout-vo2-max-intervals in 3ms
2026-05-13 14:41:07.375 [eventLoopGroupProxy-3-2] TRACE io.ktor.server.plugins.cors.CORS - GET /workouts/workout-endurance-base: Start handler
2026-05-13 14:41:07.376 [eventLoopGroupProxy-3-2] TRACE io.ktor.server.plugins.cors.CORS - GET /workouts/workout-endurance-base: Skip CORS handler because request lacks the Origin header
2026-05-13 14:41:07.376 [eventLoopGroupProxy-3-2] TRACE io.ktor.server.routing.Routing - Trace for [workouts, workout-endurance-base]
/, segment:0 -> SUCCESS @ /
  / [<slash>], segment:0 -> SUCCESS @ / [<slash>]
    / [<slash>, (method:GET)], segment:0 -> FAILURE "Not all segments matched" @ / [<slash>, (method:GET)]
  /health, segment:0 -> FAILURE "Selector didn't match" @ /health
  /openapi.json, segment:0 -> FAILURE "Selector didn't match" @ /openapi.json
  /auth, segment:0 -> FAILURE "Selector didn't match" @ /auth
  / [(authenticate auth-jwt)], segment:0 -> SUCCESS @ / [(authenticate auth-jwt)]
    /profile [(authenticate auth-jwt)], segment:0 -> FAILURE "Selector didn't match" @ /profile [(authenticate auth-jwt)]
    /plans [(authenticate auth-jwt)], segment:0 -> FAILURE "Selector didn't match" @ /plans [(authenticate auth-jwt)]
    /my-plan [(authenticate auth-jwt)], segment:0 -> FAILURE "Selector didn't match" @ /my-plan [(authenticate auth-jwt)]
    /workouts [(authenticate auth-jwt)], segment:1 -> SUCCESS @ /workouts [(authenticate auth-jwt)]
      /workouts [(authenticate auth-jwt), (method:GET)], segment:1 -> FAILURE "Not all segments matched" @ /workouts [(authenticate auth-jwt), (method:GET)]
      /workouts/recommended [(authenticate auth-jwt)], segment:1 -> FAILURE "Selector didn't match" @ /workouts/recommended [(authenticate auth-jwt)]
      /workouts/{id} [(authenticate auth-jwt)], segment:2 -> SUCCESS; Parameters [id=[workout-endurance-base]] @ /workouts/{id} [(authenticate auth-jwt)]
        /workouts/{id} [(authenticate auth-jwt), (method:GET)], segment:2 -> SUCCESS @ /workouts/{id} [(authenticate auth-jwt), (method:GET)]
        /workouts/{id}/intervals [(authenticate auth-jwt)], segment:2 -> FAILURE "Selector didn't match" @ /workouts/{id}/intervals [(authenticate auth-jwt)]
    /sessions [(authenticate auth-jwt)], segment:0 -> FAILURE "Selector didn't match" @ /sessions [(authenticate auth-jwt)]
    /history [(authenticate auth-jwt)], segment:0 -> FAILURE "Selector didn't match" @ /history [(authenticate auth-jwt)]
    /devices [(authenticate auth-jwt)], segment:0 -> FAILURE "Selector didn't match" @ /devices [(authenticate auth-jwt)]
Matched routes:
  "" -> "(authenticate auth-jwt)" -> "workouts" -> "{id}" -> "(method:GET)"
Routing resolve result:
  SUCCESS; Parameters [id=[workout-endurance-base]] @ /workouts/{id} [(authenticate auth-jwt), (method:GET)]
2026-05-13 14:41:07.376 [eventLoopGroupProxy-3-2] TRACE io.ktor.server.auth.Authentication - Trying to authenticate /workouts/workout-endurance-base with auth-jwt
2026-05-13 14:41:07.378 [eventLoopGroupProxy-3-2] TRACE io.ktor.server.auth.Authentication - Authentication succeeded for /workouts/workout-endurance-base with provider io.ktor.server.auth.jwt.JWTAuthenticationProvider@367123e7
2026-05-13 14:41:07.378 [eventLoopGroupProxy-3-2] TRACE i.k.s.p.statuspages.StatusPages - No status code found for call: /workouts/workout-endurance-base
2026-05-13 14:41:07.379 [eventLoopGroupProxy-3-2] INFO  io.ktor.server.Application - 200 OK: GET - /workouts/workout-endurance-base in 4ms
2026-05-13 14:41:07.391 [eventLoopGroupProxy-3-2] TRACE io.ktor.server.plugins.cors.CORS - GET /workouts/workout-ftp-builder-week-2: Start handler
2026-05-13 14:41:07.391 [eventLoopGroupProxy-3-2] TRACE io.ktor.server.plugins.cors.CORS - GET /workouts/workout-ftp-builder-week-2: Skip CORS handler because request lacks the Origin header
2026-05-13 14:41:07.392 [eventLoopGroupProxy-3-2] TRACE io.ktor.server.routing.Routing - Trace for [workouts, workout-ftp-builder-week-2]
/, segment:0 -> SUCCESS @ /
  / [<slash>], segment:0 -> SUCCESS @ / [<slash>]
    / [<slash>, (method:GET)], segment:0 -> FAILURE "Not all segments matched" @ / [<slash>, (method:GET)]
  /health, segment:0 -> FAILURE "Selector didn't match" @ /health
  /openapi.json, segment:0 -> FAILURE "Selector didn't match" @ /openapi.json
  /auth, segment:0 -> FAILURE "Selector didn't match" @ /auth
  / [(authenticate auth-jwt)], segment:0 -> SUCCESS @ / [(authenticate auth-jwt)]
    /profile [(authenticate auth-jwt)], segment:0 -> FAILURE "Selector didn't match" @ /profile [(authenticate auth-jwt)]
    /plans [(authenticate auth-jwt)], segment:0 -> FAILURE "Selector didn't match" @ /plans [(authenticate auth-jwt)]
    /my-plan [(authenticate auth-jwt)], segment:0 -> FAILURE "Selector didn't match" @ /my-plan [(authenticate auth-jwt)]
    /workouts [(authenticate auth-jwt)], segment:1 -> SUCCESS @ /workouts [(authenticate auth-jwt)]
      /workouts [(authenticate auth-jwt), (method:GET)], segment:1 -> FAILURE "Not all segments matched" @ /workouts [(authenticate auth-jwt), (method:GET)]
      /workouts/recommended [(authenticate auth-jwt)], segment:1 -> FAILURE "Selector didn't match" @ /workouts/recommended [(authenticate auth-jwt)]
      /workouts/{id} [(authenticate auth-jwt)], segment:2 -> SUCCESS; Parameters [id=[workout-ftp-builder-week-2]] @ /workouts/{id} [(authenticate auth-jwt)]
        /workouts/{id} [(authenticate auth-jwt), (method:GET)], segment:2 -> SUCCESS @ /workouts/{id} [(authenticate auth-jwt), (method:GET)]
        /workouts/{id}/intervals [(authenticate auth-jwt)], segment:2 -> FAILURE "Selector didn't match" @ /workouts/{id}/intervals [(authenticate auth-jwt)]
    /sessions [(authenticate auth-jwt)], segment:0 -> FAILURE "Selector didn't match" @ /sessions [(authenticate auth-jwt)]
    /history [(authenticate auth-jwt)], segment:0 -> FAILURE "Selector didn't match" @ /history [(authenticate auth-jwt)]
    /devices [(authenticate auth-jwt)], segment:0 -> FAILURE "Selector didn't match" @ /devices [(authenticate auth-jwt)]
Matched routes:
  "" -> "(authenticate auth-jwt)" -> "workouts" -> "{id}" -> "(method:GET)"
Routing resolve result:
  SUCCESS; Parameters [id=[workout-ftp-builder-week-2]] @ /workouts/{id} [(authenticate auth-jwt), (method:GET)]
2026-05-13 14:41:07.392 [eventLoopGroupProxy-3-2] TRACE io.ktor.server.auth.Authentication - Trying to authenticate /workouts/workout-ftp-builder-week-2 with auth-jwt
2026-05-13 14:41:07.392 [eventLoopGroupProxy-3-2] TRACE io.ktor.server.auth.Authentication - Authentication succeeded for /workouts/workout-ftp-builder-week-2 with provider io.ktor.server.auth.jwt.JWTAuthenticationProvider@367123e7
2026-05-13 14:41:07.393 [eventLoopGroupProxy-3-2] TRACE i.k.s.p.statuspages.StatusPages - No status code found for call: /workouts/workout-ftp-builder-week-2
2026-05-13 14:41:07.393 [eventLoopGroupProxy-3-2] INFO  io.ktor.server.Application - 200 OK: GET - /workouts/workout-ftp-builder-week-2 in 2ms
2026-05-13 14:41:07.420 [eventLoopGroupProxy-3-2] TRACE io.ktor.server.plugins.cors.CORS - GET /workouts/workout-recovery-spin: Start handler
2026-05-13 14:41:07.420 [eventLoopGroupProxy-3-2] TRACE io.ktor.server.plugins.cors.CORS - GET /workouts/workout-recovery-spin: Skip CORS handler because request lacks the Origin header
2026-05-13 14:41:07.420 [eventLoopGroupProxy-3-2] TRACE io.ktor.server.routing.Routing - Trace for [workouts, workout-recovery-spin]
/, segment:0 -> SUCCESS @ /
  / [<slash>], segment:0 -> SUCCESS @ / [<slash>]
    / [<slash>, (method:GET)], segment:0 -> FAILURE "Not all segments matched" @ / [<slash>, (method:GET)]
  /health, segment:0 -> FAILURE "Selector didn't match" @ /health
  /openapi.json, segment:0 -> FAILURE "Selector didn't match" @ /openapi.json
  /auth, segment:0 -> FAILURE "Selector didn't match" @ /auth
  / [(authenticate auth-jwt)], segment:0 -> SUCCESS @ / [(authenticate auth-jwt)]
    /profile [(authenticate auth-jwt)], segment:0 -> FAILURE "Selector didn't match" @ /profile [(authenticate auth-jwt)]
    /plans [(authenticate auth-jwt)], segment:0 -> FAILURE "Selector didn't match" @ /plans [(authenticate auth-jwt)]
    /my-plan [(authenticate auth-jwt)], segment:0 -> FAILURE "Selector didn't match" @ /my-plan [(authenticate auth-jwt)]
    /workouts [(authenticate auth-jwt)], segment:1 -> SUCCESS @ /workouts [(authenticate auth-jwt)]
      /workouts [(authenticate auth-jwt), (method:GET)], segment:1 -> FAILURE "Not all segments matched" @ /workouts [(authenticate auth-jwt), (method:GET)]
      /workouts/recommended [(authenticate auth-jwt)], segment:1 -> FAILURE "Selector didn't match" @ /workouts/recommended [(authenticate auth-jwt)]
      /workouts/{id} [(authenticate auth-jwt)], segment:2 -> SUCCESS; Parameters [id=[workout-recovery-spin]] @ /workouts/{id} [(authenticate auth-jwt)]
        /workouts/{id} [(authenticate auth-jwt), (method:GET)], segment:2 -> SUCCESS @ /workouts/{id} [(authenticate auth-jwt), (method:GET)]
        /workouts/{id}/intervals [(authenticate auth-jwt)], segment:2 -> FAILURE "Selector didn't match" @ /workouts/{id}/intervals [(authenticate auth-jwt)]
    /sessions [(authenticate auth-jwt)], segment:0 -> FAILURE "Selector didn't match" @ /sessions [(authenticate auth-jwt)]
    /history [(authenticate auth-jwt)], segment:0 -> FAILURE "Selector didn't match" @ /history [(authenticate auth-jwt)]
    /devices [(authenticate auth-jwt)], segment:0 -> FAILURE "Selector didn't match" @ /devices [(authenticate auth-jwt)]
Matched routes:
  "" -> "(authenticate auth-jwt)" -> "workouts" -> "{id}" -> "(method:GET)"
Routing resolve result:
  SUCCESS; Parameters [id=[workout-recovery-spin]] @ /workouts/{id} [(authenticate auth-jwt), (method:GET)]
2026-05-13 14:41:07.421 [eventLoopGroupProxy-3-2] TRACE io.ktor.server.auth.Authentication - Trying to authenticate /workouts/workout-recovery-spin with auth-jwt
2026-05-13 14:41:07.421 [eventLoopGroupProxy-3-2] TRACE io.ktor.server.auth.Authentication - Authentication succeeded for /workouts/workout-recovery-spin with provider io.ktor.server.auth.jwt.JWTAuthenticationProvider@367123e7
2026-05-13 14:41:07.421 [eventLoopGroupProxy-3-2] TRACE i.k.s.p.statuspages.StatusPages - No status code found for call: /workouts/workout-recovery-spin
2026-05-13 14:41:07.422 [eventLoopGroupProxy-3-2] INFO  io.ktor.server.Application - 200 OK: GET - /workouts/workout-recovery-spin in 2ms
2026-05-13 14:41:09.867 [eventLoopGroupProxy-3-2] TRACE io.ktor.server.plugins.cors.CORS - GET /profile: Start handler
2026-05-13 14:41:09.867 [eventLoopGroupProxy-3-2] TRACE io.ktor.server.plugins.cors.CORS - GET /profile: Skip CORS handler because request lacks the Origin header
2026-05-13 14:41:09.868 [eventLoopGroupProxy-3-2] TRACE io.ktor.server.routing.Routing - Trace for [profile]
/, segment:0 -> SUCCESS @ /
  / [<slash>], segment:0 -> SUCCESS @ / [<slash>]
    / [<slash>, (method:GET)], segment:0 -> FAILURE "Not all segments matched" @ / [<slash>, (method:GET)]
  /health, segment:0 -> FAILURE "Selector didn't match" @ /health
  /openapi.json, segment:0 -> FAILURE "Selector didn't match" @ /openapi.json
  /auth, segment:0 -> FAILURE "Selector didn't match" @ /auth
  / [(authenticate auth-jwt)], segment:0 -> SUCCESS @ / [(authenticate auth-jwt)]
    /profile [(authenticate auth-jwt)], segment:1 -> SUCCESS @ /profile [(authenticate auth-jwt)]
      /profile [(authenticate auth-jwt), (method:GET)], segment:1 -> SUCCESS @ /profile [(authenticate auth-jwt), (method:GET)]
      /profile [(authenticate auth-jwt), (method:PUT)], segment:1 -> FAILURE "Selector didn't match" @ /profile [(authenticate auth-jwt), (method:PUT)]
      /profile/ftp [(authenticate auth-jwt)], segment:1 -> FAILURE "Selector didn't match" @ /profile/ftp [(authenticate auth-jwt)]
      /profile/weight [(authenticate auth-jwt)], segment:1 -> FAILURE "Selector didn't match" @ /profile/weight [(authenticate auth-jwt)]
    /plans [(authenticate auth-jwt)], segment:0 -> FAILURE "Selector didn't match" @ /plans [(authenticate auth-jwt)]
    /my-plan [(authenticate auth-jwt)], segment:0 -> FAILURE "Selector didn't match" @ /my-plan [(authenticate auth-jwt)]
    /workouts [(authenticate auth-jwt)], segment:0 -> FAILURE "Selector didn't match" @ /workouts [(authenticate auth-jwt)]
    /sessions [(authenticate auth-jwt)], segment:0 -> FAILURE "Selector didn't match" @ /sessions [(authenticate auth-jwt)]
    /history [(authenticate auth-jwt)], segment:0 -> FAILURE "Selector didn't match" @ /history [(authenticate auth-jwt)]
    /devices [(authenticate auth-jwt)], segment:0 -> FAILURE "Selector didn't match" @ /devices [(authenticate auth-jwt)]
Matched routes:
  "" -> "(authenticate auth-jwt)" -> "profile" -> "(method:GET)"
Routing resolve result:
  SUCCESS @ /profile [(authenticate auth-jwt), (method:GET)]
2026-05-13 14:41:09.868 [eventLoopGroupProxy-3-2] TRACE io.ktor.server.auth.Authentication - Trying to authenticate /profile with auth-jwt
2026-05-13 14:41:09.869 [eventLoopGroupProxy-3-2] TRACE io.ktor.server.auth.Authentication - Authentication succeeded for /profile with provider io.ktor.server.auth.jwt.JWTAuthenticationProvider@367123e7
2026-05-13 14:41:09.870 [eventLoopGroupProxy-3-2] TRACE i.k.s.p.statuspages.StatusPages - No status code found for call: /profile
2026-05-13 14:41:09.870 [eventLoopGroupProxy-3-2] INFO  io.ktor.server.Application - 200 OK: GET - /profile in 3ms
2026-05-13 14:41:11.925 [eventLoopGroupProxy-3-2] TRACE io.ktor.server.plugins.cors.CORS - GET /profile: Start handler
2026-05-13 14:41:11.925 [eventLoopGroupProxy-3-2] TRACE io.ktor.server.plugins.cors.CORS - GET /profile: Skip CORS handler because request lacks the Origin header
2026-05-13 14:41:11.926 [eventLoopGroupProxy-3-2] TRACE io.ktor.server.routing.Routing - Trace for [profile]
/, segment:0 -> SUCCESS @ /
  / [<slash>], segment:0 -> SUCCESS @ / [<slash>]
    / [<slash>, (method:GET)], segment:0 -> FAILURE "Not all segments matched" @ / [<slash>, (method:GET)]
  /health, segment:0 -> FAILURE "Selector didn't match" @ /health
  /openapi.json, segment:0 -> FAILURE "Selector didn't match" @ /openapi.json
  /auth, segment:0 -> FAILURE "Selector didn't match" @ /auth
  / [(authenticate auth-jwt)], segment:0 -> SUCCESS @ / [(authenticate auth-jwt)]
    /profile [(authenticate auth-jwt)], segment:1 -> SUCCESS @ /profile [(authenticate auth-jwt)]
      /profile [(authenticate auth-jwt), (method:GET)], segment:1 -> SUCCESS @ /profile [(authenticate auth-jwt), (method:GET)]
      /profile [(authenticate auth-jwt), (method:PUT)], segment:1 -> FAILURE "Selector didn't match" @ /profile [(authenticate auth-jwt), (method:PUT)]
      /profile/ftp [(authenticate auth-jwt)], segment:1 -> FAILURE "Selector didn't match" @ /profile/ftp [(authenticate auth-jwt)]
      /profile/weight [(authenticate auth-jwt)], segment:1 -> FAILURE "Selector didn't match" @ /profile/weight [(authenticate auth-jwt)]
    /plans [(authenticate auth-jwt)], segment:0 -> FAILURE "Selector didn't match" @ /plans [(authenticate auth-jwt)]
    /my-plan [(authenticate auth-jwt)], segment:0 -> FAILURE "Selector didn't match" @ /my-plan [(authenticate auth-jwt)]
    /workouts [(authenticate auth-jwt)], segment:0 -> FAILURE "Selector didn't match" @ /workouts [(authenticate auth-jwt)]
    /sessions [(authenticate auth-jwt)], segment:0 -> FAILURE "Selector didn't match" @ /sessions [(authenticate auth-jwt)]
    /history [(authenticate auth-jwt)], segment:0 -> FAILURE "Selector didn't match" @ /history [(authenticate auth-jwt)]
    /devices [(authenticate auth-jwt)], segment:0 -> FAILURE "Selector didn't match" @ /devices [(authenticate auth-jwt)]
Matched routes:
  "" -> "(authenticate auth-jwt)" -> "profile" -> "(method:GET)"
Routing resolve result:
  SUCCESS @ /profile [(authenticate auth-jwt), (method:GET)]
2026-05-13 14:41:11.926 [eventLoopGroupProxy-3-2] TRACE io.ktor.server.auth.Authentication - Trying to authenticate /profile with auth-jwt
2026-05-13 14:41:11.927 [eventLoopGroupProxy-3-2] TRACE io.ktor.server.auth.Authentication - Authentication succeeded for /profile with provider io.ktor.server.auth.jwt.JWTAuthenticationProvider@367123e7
2026-05-13 14:41:11.927 [eventLoopGroupProxy-3-2] TRACE i.k.s.p.statuspages.StatusPages - No status code found for call: /profile
2026-05-13 14:41:11.928 [eventLoopGroupProxy-3-2] INFO  io.ktor.server.Application - 200 OK: GET - /profile in 3ms
2026-05-13 14:41:12.006 [eventLoopGroupProxy-3-2] TRACE io.ktor.server.plugins.cors.CORS - GET /workouts/recommended: Start handler
2026-05-13 14:41:12.007 [eventLoopGroupProxy-3-2] TRACE io.ktor.server.plugins.cors.CORS - GET /workouts/recommended: Skip CORS handler because request lacks the Origin header
2026-05-13 14:41:12.009 [eventLoopGroupProxy-3-2] TRACE io.ktor.server.routing.Routing - Trace for [workouts, recommended]
/, segment:0 -> SUCCESS @ /
  / [<slash>], segment:0 -> SUCCESS @ / [<slash>]
    / [<slash>, (method:GET)], segment:0 -> FAILURE "Not all segments matched" @ / [<slash>, (method:GET)]
  /health, segment:0 -> FAILURE "Selector didn't match" @ /health
  /openapi.json, segment:0 -> FAILURE "Selector didn't match" @ /openapi.json
  /auth, segment:0 -> FAILURE "Selector didn't match" @ /auth
  / [(authenticate auth-jwt)], segment:0 -> SUCCESS @ / [(authenticate auth-jwt)]
    /profile [(authenticate auth-jwt)], segment:0 -> FAILURE "Selector didn't match" @ /profile [(authenticate auth-jwt)]
    /plans [(authenticate auth-jwt)], segment:0 -> FAILURE "Selector didn't match" @ /plans [(authenticate auth-jwt)]
    /my-plan [(authenticate auth-jwt)], segment:0 -> FAILURE "Selector didn't match" @ /my-plan [(authenticate auth-jwt)]
    /workouts [(authenticate auth-jwt)], segment:1 -> SUCCESS @ /workouts [(authenticate auth-jwt)]
      /workouts [(authenticate auth-jwt), (method:GET)], segment:1 -> FAILURE "Not all segments matched" @ /workouts [(authenticate auth-jwt), (method:GET)]
      /workouts/recommended [(authenticate auth-jwt)], segment:2 -> SUCCESS @ /workouts/recommended [(authenticate auth-jwt)]
        /workouts/recommended [(authenticate auth-jwt), (method:GET)], segment:2 -> SUCCESS @ /workouts/recommended [(authenticate auth-jwt), (method:GET)]
      /workouts/{id} [(authenticate auth-jwt)], segment:1 -> FAILURE "Better match was already found" @ /workouts/{id} [(authenticate auth-jwt)]
    /sessions [(authenticate auth-jwt)], segment:0 -> FAILURE "Selector didn't match" @ /sessions [(authenticate auth-jwt)]
    /history [(authenticate auth-jwt)], segment:0 -> FAILURE "Selector didn't match" @ /history [(authenticate auth-jwt)]
    /devices [(authenticate auth-jwt)], segment:0 -> FAILURE "Selector didn't match" @ /devices [(authenticate auth-jwt)]
Matched routes:
  "" -> "(authenticate auth-jwt)" -> "workouts" -> "recommended" -> "(method:GET)"
Routing resolve result:
  SUCCESS @ /workouts/recommended [(authenticate auth-jwt), (method:GET)]
2026-05-13 14:41:12.010 [eventLoopGroupProxy-3-2] TRACE io.ktor.server.auth.Authentication - Trying to authenticate /workouts/recommended with auth-jwt
2026-05-13 14:41:12.011 [eventLoopGroupProxy-3-2] TRACE io.ktor.server.auth.Authentication - Authentication succeeded for /workouts/recommended with provider io.ktor.server.auth.jwt.JWTAuthenticationProvider@367123e7
2026-05-13 14:41:12.012 [eventLoopGroupProxy-3-2] TRACE i.k.s.p.statuspages.StatusPages - No status code found for call: /workouts/recommended
2026-05-13 14:41:12.012 [eventLoopGroupProxy-3-2] INFO  io.ktor.server.Application - 200 OK: GET - /workouts/recommended in 6ms
2026-05-13 14:41:12.022 [eventLoopGroupProxy-3-2] TRACE io.ktor.server.plugins.cors.CORS - GET /workouts/workout-vo2-max-intervals/intervals: Start handler
2026-05-13 14:41:12.022 [eventLoopGroupProxy-3-2] TRACE io.ktor.server.plugins.cors.CORS - GET /workouts/workout-vo2-max-intervals/intervals: Skip CORS handler because request lacks the Origin header
2026-05-13 14:41:12.022 [eventLoopGroupProxy-3-2] TRACE io.ktor.server.routing.Routing - Trace for [workouts, workout-vo2-max-intervals, intervals]
/, segment:0 -> SUCCESS @ /
  / [<slash>], segment:0 -> SUCCESS @ / [<slash>]
    / [<slash>, (method:GET)], segment:0 -> FAILURE "Not all segments matched" @ / [<slash>, (method:GET)]
  /health, segment:0 -> FAILURE "Selector didn't match" @ /health
  /openapi.json, segment:0 -> FAILURE "Selector didn't match" @ /openapi.json
  /auth, segment:0 -> FAILURE "Selector didn't match" @ /auth
  / [(authenticate auth-jwt)], segment:0 -> SUCCESS @ / [(authenticate auth-jwt)]
    /profile [(authenticate auth-jwt)], segment:0 -> FAILURE "Selector didn't match" @ /profile [(authenticate auth-jwt)]
    /plans [(authenticate auth-jwt)], segment:0 -> FAILURE "Selector didn't match" @ /plans [(authenticate auth-jwt)]
    /my-plan [(authenticate auth-jwt)], segment:0 -> FAILURE "Selector didn't match" @ /my-plan [(authenticate auth-jwt)]
    /workouts [(authenticate auth-jwt)], segment:1 -> SUCCESS @ /workouts [(authenticate auth-jwt)]
      /workouts [(authenticate auth-jwt), (method:GET)], segment:1 -> FAILURE "Not all segments matched" @ /workouts [(authenticate auth-jwt), (method:GET)]
      /workouts/recommended [(authenticate auth-jwt)], segment:1 -> FAILURE "Selector didn't match" @ /workouts/recommended [(authenticate auth-jwt)]
      /workouts/{id} [(authenticate auth-jwt)], segment:2 -> SUCCESS; Parameters [id=[workout-vo2-max-intervals]] @ /workouts/{id} [(authenticate auth-jwt)]
        /workouts/{id} [(authenticate auth-jwt), (method:GET)], segment:2 -> FAILURE "Not all segments matched" @ /workouts/{id} [(authenticate auth-jwt), (method:GET)]
        /workouts/{id}/intervals [(authenticate auth-jwt)], segment:3 -> SUCCESS @ /workouts/{id}/intervals [(authenticate auth-jwt)]
          /workouts/{id}/intervals [(authenticate auth-jwt), (method:GET)], segment:3 -> SUCCESS @ /workouts/{id}/intervals [(authenticate auth-jwt), (method:GET)]
    /sessions [(authenticate auth-jwt)], segment:0 -> FAILURE "Selector didn't match" @ /sessions [(authenticate auth-jwt)]
    /history [(authenticate auth-jwt)], segment:0 -> FAILURE "Selector didn't match" @ /history [(authenticate auth-jwt)]
    /devices [(authenticate auth-jwt)], segment:0 -> FAILURE "Selector didn't match" @ /devices [(authenticate auth-jwt)]
Matched routes:
  "" -> "(authenticate auth-jwt)" -> "workouts" -> "{id}" -> "intervals" -> "(method:GET)"
Routing resolve result:
  SUCCESS; Parameters [id=[workout-vo2-max-intervals]] @ /workouts/{id}/intervals [(authenticate auth-jwt), (method:GET)]
2026-05-13 14:41:12.023 [eventLoopGroupProxy-3-2] TRACE io.ktor.server.auth.Authentication - Trying to authenticate /workouts/workout-vo2-max-intervals/intervals with auth-jwt
2026-05-13 14:41:12.023 [eventLoopGroupProxy-3-2] TRACE io.ktor.server.auth.Authentication - Authentication succeeded for /workouts/workout-vo2-max-intervals/intervals with provider io.ktor.server.auth.jwt.JWTAuthenticationProvider@367123e7
2026-05-13 14:41:12.024 [eventLoopGroupProxy-3-2] TRACE i.k.s.p.statuspages.StatusPages - No status code found for call: /workouts/workout-vo2-max-intervals/intervals
2026-05-13 14:41:12.024 [eventLoopGroupProxy-3-2] INFO  io.ktor.server.Application - 200 OK: GET - /workouts/workout-vo2-max-intervals/intervals in 2ms
2026-05-13 14:41:12.036 [eventLoopGroupProxy-3-2] TRACE io.ktor.server.plugins.cors.CORS - GET /history?limit=5: Start handler
2026-05-13 14:41:12.036 [eventLoopGroupProxy-3-2] TRACE io.ktor.server.plugins.cors.CORS - GET /history?limit=5: Skip CORS handler because request lacks the Origin header
2026-05-13 14:41:12.037 [eventLoopGroupProxy-3-2] TRACE io.ktor.server.routing.Routing - Trace for [history]
/, segment:0 -> SUCCESS @ /
  / [<slash>], segment:0 -> SUCCESS @ / [<slash>]
    / [<slash>, (method:GET)], segment:0 -> FAILURE "Not all segments matched" @ / [<slash>, (method:GET)]
  /health, segment:0 -> FAILURE "Selector didn't match" @ /health
  /openapi.json, segment:0 -> FAILURE "Selector didn't match" @ /openapi.json
  /auth, segment:0 -> FAILURE "Selector didn't match" @ /auth
  / [(authenticate auth-jwt)], segment:0 -> SUCCESS @ / [(authenticate auth-jwt)]
    /profile [(authenticate auth-jwt)], segment:0 -> FAILURE "Selector didn't match" @ /profile [(authenticate auth-jwt)]
    /plans [(authenticate auth-jwt)], segment:0 -> FAILURE "Selector didn't match" @ /plans [(authenticate auth-jwt)]
    /my-plan [(authenticate auth-jwt)], segment:0 -> FAILURE "Selector didn't match" @ /my-plan [(authenticate auth-jwt)]
    /workouts [(authenticate auth-jwt)], segment:0 -> FAILURE "Selector didn't match" @ /workouts [(authenticate auth-jwt)]
    /sessions [(authenticate auth-jwt)], segment:0 -> FAILURE "Selector didn't match" @ /sessions [(authenticate auth-jwt)]
    /history [(authenticate auth-jwt)], segment:1 -> SUCCESS @ /history [(authenticate auth-jwt)]
      /history [(authenticate auth-jwt), (method:GET)], segment:1 -> SUCCESS @ /history [(authenticate auth-jwt), (method:GET)]
      /history/{id} [(authenticate auth-jwt)], segment:1 -> FAILURE "Selector didn't match" @ /history/{id} [(authenticate auth-jwt)]
    /devices [(authenticate auth-jwt)], segment:0 -> FAILURE "Selector didn't match" @ /devices [(authenticate auth-jwt)]
Matched routes:
  "" -> "(authenticate auth-jwt)" -> "history" -> "(method:GET)"
Routing resolve result:
  SUCCESS @ /history [(authenticate auth-jwt), (method:GET)]
2026-05-13 14:41:12.037 [eventLoopGroupProxy-3-2] TRACE io.ktor.server.auth.Authentication - Trying to authenticate /history?limit=5 with auth-jwt
2026-05-13 14:41:12.038 [eventLoopGroupProxy-3-2] TRACE io.ktor.server.auth.Authentication - Authentication succeeded for /history?limit=5 with provider io.ktor.server.auth.jwt.JWTAuthenticationProvider@367123e7
2026-05-13 14:41:12.039 [eventLoopGroupProxy-3-2] TRACE i.k.s.p.statuspages.StatusPages - No status code found for call: /history?limit=5
2026-05-13 14:41:12.039 [eventLoopGroupProxy-3-2] INFO  io.ktor.server.Application - 200 OK: GET - /history in 3ms
2026-05-13 14:41:13.063 [eventLoopGroupProxy-3-2] TRACE io.ktor.server.plugins.cors.CORS - GET /profile: Start handler
2026-05-13 14:41:13.063 [eventLoopGroupProxy-3-2] TRACE io.ktor.server.plugins.cors.CORS - GET /profile: Skip CORS handler because request lacks the Origin header
2026-05-13 14:41:13.063 [eventLoopGroupProxy-3-2] TRACE io.ktor.server.routing.Routing - Trace for [profile]
/, segment:0 -> SUCCESS @ /
  / [<slash>], segment:0 -> SUCCESS @ / [<slash>]
    / [<slash>, (method:GET)], segment:0 -> FAILURE "Not all segments matched" @ / [<slash>, (method:GET)]
  /health, segment:0 -> FAILURE "Selector didn't match" @ /health
  /openapi.json, segment:0 -> FAILURE "Selector didn't match" @ /openapi.json
  /auth, segment:0 -> FAILURE "Selector didn't match" @ /auth
  / [(authenticate auth-jwt)], segment:0 -> SUCCESS @ / [(authenticate auth-jwt)]
    /profile [(authenticate auth-jwt)], segment:1 -> SUCCESS @ /profile [(authenticate auth-jwt)]
      /profile [(authenticate auth-jwt), (method:GET)], segment:1 -> SUCCESS @ /profile [(authenticate auth-jwt), (method:GET)]
      /profile [(authenticate auth-jwt), (method:PUT)], segment:1 -> FAILURE "Selector didn't match" @ /profile [(authenticate auth-jwt), (method:PUT)]
      /profile/ftp [(authenticate auth-jwt)], segment:1 -> FAILURE "Selector didn't match" @ /profile/ftp [(authenticate auth-jwt)]
      /profile/weight [(authenticate auth-jwt)], segment:1 -> FAILURE "Selector didn't match" @ /profile/weight [(authenticate auth-jwt)]
    /plans [(authenticate auth-jwt)], segment:0 -> FAILURE "Selector didn't match" @ /plans [(authenticate auth-jwt)]
    /my-plan [(authenticate auth-jwt)], segment:0 -> FAILURE "Selector didn't match" @ /my-plan [(authenticate auth-jwt)]
    /workouts [(authenticate auth-jwt)], segment:0 -> FAILURE "Selector didn't match" @ /workouts [(authenticate auth-jwt)]
    /sessions [(authenticate auth-jwt)], segment:0 -> FAILURE "Selector didn't match" @ /sessions [(authenticate auth-jwt)]
    /history [(authenticate auth-jwt)], segment:0 -> FAILURE "Selector didn't match" @ /history [(authenticate auth-jwt)]
    /devices [(authenticate auth-jwt)], segment:0 -> FAILURE "Selector didn't match" @ /devices [(authenticate auth-jwt)]
Matched routes:
  "" -> "(authenticate auth-jwt)" -> "profile" -> "(method:GET)"
Routing resolve result:
  SUCCESS @ /profile [(authenticate auth-jwt), (method:GET)]
2026-05-13 14:41:13.064 [eventLoopGroupProxy-3-2] TRACE io.ktor.server.auth.Authentication - Trying to authenticate /profile with auth-jwt
2026-05-13 14:41:13.065 [eventLoopGroupProxy-3-2] TRACE io.ktor.server.auth.Authentication - Authentication succeeded for /profile with provider io.ktor.server.auth.jwt.JWTAuthenticationProvider@367123e7
2026-05-13 14:41:13.065 [eventLoopGroupProxy-3-2] TRACE i.k.s.p.statuspages.StatusPages - No status code found for call: /profile
2026-05-13 14:41:13.066 [eventLoopGroupProxy-3-2] INFO  io.ktor.server.Application - 200 OK: GET - /profile in 3ms
2026-05-13 14:41:15.431 [eventLoopGroupProxy-3-2] TRACE io.ktor.server.plugins.cors.CORS - GET /profile: Start handler
2026-05-13 14:41:15.431 [eventLoopGroupProxy-3-2] TRACE io.ktor.server.plugins.cors.CORS - GET /profile: Skip CORS handler because request lacks the Origin header
2026-05-13 14:41:15.431 [eventLoopGroupProxy-3-2] TRACE io.ktor.server.routing.Routing - Trace for [profile]
/, segment:0 -> SUCCESS @ /
  / [<slash>], segment:0 -> SUCCESS @ / [<slash>]
    / [<slash>, (method:GET)], segment:0 -> FAILURE "Not all segments matched" @ / [<slash>, (method:GET)]
  /health, segment:0 -> FAILURE "Selector didn't match" @ /health
  /openapi.json, segment:0 -> FAILURE "Selector didn't match" @ /openapi.json
  /auth, segment:0 -> FAILURE "Selector didn't match" @ /auth
  / [(authenticate auth-jwt)], segment:0 -> SUCCESS @ / [(authenticate auth-jwt)]
    /profile [(authenticate auth-jwt)], segment:1 -> SUCCESS @ /profile [(authenticate auth-jwt)]
      /profile [(authenticate auth-jwt), (method:GET)], segment:1 -> SUCCESS @ /profile [(authenticate auth-jwt), (method:GET)]
      /profile [(authenticate auth-jwt), (method:PUT)], segment:1 -> FAILURE "Selector didn't match" @ /profile [(authenticate auth-jwt), (method:PUT)]
      /profile/ftp [(authenticate auth-jwt)], segment:1 -> FAILURE "Selector didn't match" @ /profile/ftp [(authenticate auth-jwt)]
      /profile/weight [(authenticate auth-jwt)], segment:1 -> FAILURE "Selector didn't match" @ /profile/weight [(authenticate auth-jwt)]
    /plans [(authenticate auth-jwt)], segment:0 -> FAILURE "Selector didn't match" @ /plans [(authenticate auth-jwt)]
    /my-plan [(authenticate auth-jwt)], segment:0 -> FAILURE "Selector didn't match" @ /my-plan [(authenticate auth-jwt)]
    /workouts [(authenticate auth-jwt)], segment:0 -> FAILURE "Selector didn't match" @ /workouts [(authenticate auth-jwt)]
    /sessions [(authenticate auth-jwt)], segment:0 -> FAILURE "Selector didn't match" @ /sessions [(authenticate auth-jwt)]
    /history [(authenticate auth-jwt)], segment:0 -> FAILURE "Selector didn't match" @ /history [(authenticate auth-jwt)]
    /devices [(authenticate auth-jwt)], segment:0 -> FAILURE "Selector didn't match" @ /devices [(authenticate auth-jwt)]
Matched routes:
  "" -> "(authenticate auth-jwt)" -> "profile" -> "(method:GET)"
Routing resolve result:
  SUCCESS @ /profile [(authenticate auth-jwt), (method:GET)]
2026-05-13 14:41:15.432 [eventLoopGroupProxy-3-2] TRACE io.ktor.server.auth.Authentication - Trying to authenticate /profile with auth-jwt
2026-05-13 14:41:15.433 [eventLoopGroupProxy-3-2] TRACE io.ktor.server.auth.Authentication - Authentication succeeded for /profile with provider io.ktor.server.auth.jwt.JWTAuthenticationProvider@367123e7
2026-05-13 14:41:15.434 [eventLoopGroupProxy-3-2] TRACE i.k.s.p.statuspages.StatusPages - No status code found for call: /profile
2026-05-13 14:41:15.435 [eventLoopGroupProxy-3-2] INFO  io.ktor.server.Application - 200 OK: GET - /profile in 4ms
2026-05-13 14:41:15.532 [eventLoopGroupProxy-3-2] TRACE io.ktor.server.plugins.cors.CORS - GET /workouts/recommended: Start handler
2026-05-13 14:41:15.534 [eventLoopGroupProxy-3-2] TRACE io.ktor.server.plugins.cors.CORS - GET /workouts/recommended: Skip CORS handler because request lacks the Origin header
2026-05-13 14:41:15.534 [eventLoopGroupProxy-3-2] TRACE io.ktor.server.routing.Routing - Trace for [workouts, recommended]
/, segment:0 -> SUCCESS @ /
  / [<slash>], segment:0 -> SUCCESS @ / [<slash>]
    / [<slash>, (method:GET)], segment:0 -> FAILURE "Not all segments matched" @ / [<slash>, (method:GET)]
  /health, segment:0 -> FAILURE "Selector didn't match" @ /health
  /openapi.json, segment:0 -> FAILURE "Selector didn't match" @ /openapi.json
  /auth, segment:0 -> FAILURE "Selector didn't match" @ /auth
  / [(authenticate auth-jwt)], segment:0 -> SUCCESS @ / [(authenticate auth-jwt)]
    /profile [(authenticate auth-jwt)], segment:0 -> FAILURE "Selector didn't match" @ /profile [(authenticate auth-jwt)]
    /plans [(authenticate auth-jwt)], segment:0 -> FAILURE "Selector didn't match" @ /plans [(authenticate auth-jwt)]
    /my-plan [(authenticate auth-jwt)], segment:0 -> FAILURE "Selector didn't match" @ /my-plan [(authenticate auth-jwt)]
    /workouts [(authenticate auth-jwt)], segment:1 -> SUCCESS @ /workouts [(authenticate auth-jwt)]
      /workouts [(authenticate auth-jwt), (method:GET)], segment:1 -> FAILURE "Not all segments matched" @ /workouts [(authenticate auth-jwt), (method:GET)]
      /workouts/recommended [(authenticate auth-jwt)], segment:2 -> SUCCESS @ /workouts/recommended [(authenticate auth-jwt)]
        /workouts/recommended [(authenticate auth-jwt), (method:GET)], segment:2 -> SUCCESS @ /workouts/recommended [(authenticate auth-jwt), (method:GET)]
      /workouts/{id} [(authenticate auth-jwt)], segment:1 -> FAILURE "Better match was already found" @ /workouts/{id} [(authenticate auth-jwt)]
    /sessions [(authenticate auth-jwt)], segment:0 -> FAILURE "Selector didn't match" @ /sessions [(authenticate auth-jwt)]
    /history [(authenticate auth-jwt)], segment:0 -> FAILURE "Selector didn't match" @ /history [(authenticate auth-jwt)]
    /devices [(authenticate auth-jwt)], segment:0 -> FAILURE "Selector didn't match" @ /devices [(authenticate auth-jwt)]
Matched routes:
  "" -> "(authenticate auth-jwt)" -> "workouts" -> "recommended" -> "(method:GET)"
Routing resolve result:
  SUCCESS @ /workouts/recommended [(authenticate auth-jwt), (method:GET)]
2026-05-13 14:41:15.535 [eventLoopGroupProxy-3-2] TRACE io.ktor.server.auth.Authentication - Trying to authenticate /workouts/recommended with auth-jwt
2026-05-13 14:41:15.536 [eventLoopGroupProxy-3-2] TRACE io.ktor.server.auth.Authentication - Authentication succeeded for /workouts/recommended with provider io.ktor.server.auth.jwt.JWTAuthenticationProvider@367123e7
2026-05-13 14:41:15.537 [eventLoopGroupProxy-3-2] TRACE i.k.s.p.statuspages.StatusPages - No status code found for call: /workouts/recommended
2026-05-13 14:41:15.538 [eventLoopGroupProxy-3-2] INFO  io.ktor.server.Application - 200 OK: GET - /workouts/recommended in 6ms
2026-05-13 14:41:15.589 [eventLoopGroupProxy-3-2] TRACE io.ktor.server.plugins.cors.CORS - GET /workouts/workout-vo2-max-intervals/intervals: Start handler
2026-05-13 14:41:15.589 [eventLoopGroupProxy-3-2] TRACE io.ktor.server.plugins.cors.CORS - GET /workouts/workout-vo2-max-intervals/intervals: Skip CORS handler because request lacks the Origin header
2026-05-13 14:41:15.590 [eventLoopGroupProxy-3-2] TRACE io.ktor.server.routing.Routing - Trace for [workouts, workout-vo2-max-intervals, intervals]
/, segment:0 -> SUCCESS @ /
  / [<slash>], segment:0 -> SUCCESS @ / [<slash>]
    / [<slash>, (method:GET)], segment:0 -> FAILURE "Not all segments matched" @ / [<slash>, (method:GET)]
  /health, segment:0 -> FAILURE "Selector didn't match" @ /health
  /openapi.json, segment:0 -> FAILURE "Selector didn't match" @ /openapi.json
  /auth, segment:0 -> FAILURE "Selector didn't match" @ /auth
  / [(authenticate auth-jwt)], segment:0 -> SUCCESS @ / [(authenticate auth-jwt)]
    /profile [(authenticate auth-jwt)], segment:0 -> FAILURE "Selector didn't match" @ /profile [(authenticate auth-jwt)]
    /plans [(authenticate auth-jwt)], segment:0 -> FAILURE "Selector didn't match" @ /plans [(authenticate auth-jwt)]
    /my-plan [(authenticate auth-jwt)], segment:0 -> FAILURE "Selector didn't match" @ /my-plan [(authenticate auth-jwt)]
    /workouts [(authenticate auth-jwt)], segment:1 -> SUCCESS @ /workouts [(authenticate auth-jwt)]
      /workouts [(authenticate auth-jwt), (method:GET)], segment:1 -> FAILURE "Not all segments matched" @ /workouts [(authenticate auth-jwt), (method:GET)]
      /workouts/recommended [(authenticate auth-jwt)], segment:1 -> FAILURE "Selector didn't match" @ /workouts/recommended [(authenticate auth-jwt)]
      /workouts/{id} [(authenticate auth-jwt)], segment:2 -> SUCCESS; Parameters [id=[workout-vo2-max-intervals]] @ /workouts/{id} [(authenticate auth-jwt)]
        /workouts/{id} [(authenticate auth-jwt), (method:GET)], segment:2 -> FAILURE "Not all segments matched" @ /workouts/{id} [(authenticate auth-jwt), (method:GET)]
        /workouts/{id}/intervals [(authenticate auth-jwt)], segment:3 -> SUCCESS @ /workouts/{id}/intervals [(authenticate auth-jwt)]
          /workouts/{id}/intervals [(authenticate auth-jwt), (method:GET)], segment:3 -> SUCCESS @ /workouts/{id}/intervals [(authenticate auth-jwt), (method:GET)]
    /sessions [(authenticate auth-jwt)], segment:0 -> FAILURE "Selector didn't match" @ /sessions [(authenticate auth-jwt)]
    /history [(authenticate auth-jwt)], segment:0 -> FAILURE "Selector didn't match" @ /history [(authenticate auth-jwt)]
    /devices [(authenticate auth-jwt)], segment:0 -> FAILURE "Selector didn't match" @ /devices [(authenticate auth-jwt)]
Matched routes:
  "" -> "(authenticate auth-jwt)" -> "workouts" -> "{id}" -> "intervals" -> "(method:GET)"
Routing resolve result:
  SUCCESS; Parameters [id=[workout-vo2-max-intervals]] @ /workouts/{id}/intervals [(authenticate auth-jwt), (method:GET)]
2026-05-13 14:41:15.590 [eventLoopGroupProxy-3-2] TRACE io.ktor.server.auth.Authentication - Trying to authenticate /workouts/workout-vo2-max-intervals/intervals with auth-jwt
2026-05-13 14:41:15.591 [eventLoopGroupProxy-3-2] TRACE io.ktor.server.auth.Authentication - Authentication succeeded for /workouts/workout-vo2-max-intervals/intervals with provider io.ktor.server.auth.jwt.JWTAuthenticationProvider@367123e7
2026-05-13 14:41:15.591 [eventLoopGroupProxy-3-2] TRACE i.k.s.p.statuspages.StatusPages - No status code found for call: /workouts/workout-vo2-max-intervals/intervals
2026-05-13 14:41:15.592 [eventLoopGroupProxy-3-2] INFO  io.ktor.server.Application - 200 OK: GET - /workouts/workout-vo2-max-intervals/intervals in 3ms
2026-05-13 14:41:15.615 [eventLoopGroupProxy-3-2] TRACE io.ktor.server.plugins.cors.CORS - GET /history?limit=5: Start handler
2026-05-13 14:41:15.615 [eventLoopGroupProxy-3-2] TRACE io.ktor.server.plugins.cors.CORS - GET /history?limit=5: Skip CORS handler because request lacks the Origin header
2026-05-13 14:41:15.616 [eventLoopGroupProxy-3-2] TRACE io.ktor.server.routing.Routing - Trace for [history]
/, segment:0 -> SUCCESS @ /
  / [<slash>], segment:0 -> SUCCESS @ / [<slash>]
    / [<slash>, (method:GET)], segment:0 -> FAILURE "Not all segments matched" @ / [<slash>, (method:GET)]
  /health, segment:0 -> FAILURE "Selector didn't match" @ /health
  /openapi.json, segment:0 -> FAILURE "Selector didn't match" @ /openapi.json
  /auth, segment:0 -> FAILURE "Selector didn't match" @ /auth
  / [(authenticate auth-jwt)], segment:0 -> SUCCESS @ / [(authenticate auth-jwt)]
    /profile [(authenticate auth-jwt)], segment:0 -> FAILURE "Selector didn't match" @ /profile [(authenticate auth-jwt)]
    /plans [(authenticate auth-jwt)], segment:0 -> FAILURE "Selector didn't match" @ /plans [(authenticate auth-jwt)]
    /my-plan [(authenticate auth-jwt)], segment:0 -> FAILURE "Selector didn't match" @ /my-plan [(authenticate auth-jwt)]
    /workouts [(authenticate auth-jwt)], segment:0 -> FAILURE "Selector didn't match" @ /workouts [(authenticate auth-jwt)]
    /sessions [(authenticate auth-jwt)], segment:0 -> FAILURE "Selector didn't match" @ /sessions [(authenticate auth-jwt)]
    /history [(authenticate auth-jwt)], segment:1 -> SUCCESS @ /history [(authenticate auth-jwt)]
      /history [(authenticate auth-jwt), (method:GET)], segment:1 -> SUCCESS @ /history [(authenticate auth-jwt), (method:GET)]
      /history/{id} [(authenticate auth-jwt)], segment:1 -> FAILURE "Selector didn't match" @ /history/{id} [(authenticate auth-jwt)]
    /devices [(authenticate auth-jwt)], segment:0 -> FAILURE "Selector didn't match" @ /devices [(authenticate auth-jwt)]
Matched routes:
  "" -> "(authenticate auth-jwt)" -> "history" -> "(method:GET)"
Routing resolve result:
  SUCCESS @ /history [(authenticate auth-jwt), (method:GET)]
2026-05-13 14:41:15.616 [eventLoopGroupProxy-3-2] TRACE io.ktor.server.auth.Authentication - Trying to authenticate /history?limit=5 with auth-jwt
2026-05-13 14:41:15.617 [eventLoopGroupProxy-3-2] TRACE io.ktor.server.auth.Authentication - Authentication succeeded for /history?limit=5 with provider io.ktor.server.auth.jwt.JWTAuthenticationProvider@367123e7
2026-05-13 14:41:15.618 [eventLoopGroupProxy-3-2] TRACE i.k.s.p.statuspages.StatusPages - No status code found for call: /history?limit=5
2026-05-13 14:41:15.619 [eventLoopGroupProxy-3-2] INFO  io.ktor.server.Application - 200 OK: GET - /history in 4ms
